<?xml version="1.0" encoding="UTF-8"?>
<testsuite name="tributary.TypeHandlerTest" tests="4" skipped="0" failures="0" errors="0" timestamp="2025-02-13T07:11:24" hostname="C02DC0J8ML7J" time="0.006">
  <properties/>
  <testcase name="testStringHandler()" classname="tributary.TypeHandlerTest" time="0.001"/>
  <testcase name="testIntegerHandler()" classname="tributary.TypeHandlerTest" time="0.001"/>
  <testcase name="testByteHandler()" classname="tributary.TypeHandlerTest" time="0.003"/>
  <testcase name="testTypeHandlerFactory()" classname="tributary.TypeHandlerTest" time="0.001"/>
  <system-out><![CDATA[]]></system-out>
  <system-err><![CDATA[]]></system-err>
</testsuite>
