<?xml version="1.0" encoding="UTF-8"?>
<<<<<<< Updated upstream
<testsuite name="tributary.TypeHandlerTest" tests="4" skipped="0" failures="0" errors="0" timestamp="2025-02-13T07:11:24" hostname="C02DC0J8ML7J" time="0.006">
  <properties/>
  <testcase name="testStringHandler()" classname="tributary.TypeHandlerTest" time="0.001"/>
  <testcase name="testIntegerHandler()" classname="tributary.TypeHandlerTest" time="0.001"/>
  <testcase name="testByteHandler()" classname="tributary.TypeHandlerTest" time="0.003"/>
  <testcase name="testTypeHandlerFactory()" classname="tributary.TypeHandlerTest" time="0.001"/>
=======
<testsuite name="tributary.TypeHandlerTest" tests="4" skipped="0" failures="0" errors="0" timestamp="2025-02-12T09:00:34" hostname="bissi-smells.modem" time="0.025">
  <properties/>
  <testcase name="testStringHandler()" classname="tributary.TypeHandlerTest" time="0.014"/>
  <testcase name="testIntegerHandler()" classname="tributary.TypeHandlerTest" time="0.002"/>
  <testcase name="testByteHandler()" classname="tributary.TypeHandlerTest" time="0.004"/>
  <testcase name="testTypeHandlerFactory()" classname="tributary.TypeHandlerTest" time="0.002"/>
>>>>>>> Stashed changes
  <system-out><![CDATA[]]></system-out>
  <system-err><![CDATA[]]></system-err>
</testsuite>
