<?xml version="1.0" encoding="UTF-8"?>
<testsuite name="tributary.TributaryTest" tests="1" skipped="0" failures="0" errors="0" timestamp="2024-04-22T07:07:23" hostname="bissi-smells.modem" time="0.012">
  <properties/>
  <testcase name="stubTest()" classname="tributary.TributaryTest" time="0.012"/>
  <system-out><![CDATA[]]></system-out>
  <system-err><![CDATA[]]></system-err>
</testsuite>
