<?xml version="1.0" encoding="UTF-8"?>
<testsuite name="tributary.TypeHandlerTest" tests="4" skipped="0" failures="0" errors="0" timestamp="2024-11-04T22:02:55" hostname="bissi-smells.modem" time="0.002">
  <properties/>
  <testcase name="testStringHandler()" classname="tributary.TypeHandlerTest" time="0.0"/>
  <testcase name="testIntegerHandler()" classname="tributary.TypeHandlerTest" time="0.0"/>
  <testcase name="testByteHandler()" classname="tributary.TypeHandlerTest" time="0.002"/>
  <testcase name="testTypeHandlerFactory()" classname="tributary.TypeHandlerTest" time="0.0"/>
  <system-out><![CDATA[]]></system-out>
  <system-err><![CDATA[]]></system-err>
</testsuite>
