<?xml version="1.0" encoding="UTF-8"?>
<testsuite name="tributary.TributaryTestMockito" tests="11" skipped="0" failures="0" errors="0" timestamp="2025-02-14T08:28:30" hostname="bissi-smells.modem" time="0.493">
  <properties/>
  <testcase name="testEventLifeCycle()" classname="tributary.TributaryTestMockito" time="0.453"/>
  <testcase name="testCreateIntegerTopicAndProducers()" classname="tributary.TributaryTestMockito" time="0.004"/>
  <testcase name="testMessageCreationAndConsumption()" classname="tributary.TributaryTestMockito" time="0.004"/>
  <testcase name="testCreateAndShowStringTopic()" classname="tributary.TributaryTestMockito" time="0.005"/>
  <testcase name="testParallelProduceThreeMessages()" classname="tributary.TributaryTestMockito" time="0.005"/>
  <testcase name="testUpdateConsumerOffset()" classname="tributary.TributaryTestMockito" time="0.001"/>
  <testcase name="testDeleteConsumer()" classname="tributary.TributaryTestMockito" time="0.003"/>
  <testcase name="testParallelConsumeTwoMessages()" classname="tributary.TributaryTestMockito" time="0.005"/>
  <testcase name="testCreatePartition()" classname="tributary.TributaryTestMockito" time="0.002"/>
  <testcase name="testParallelConsumeThreeMessages()" classname="tributary.TributaryTestMockito" time="0.005"/>
  <testcase name="testParallelProduceTwoMessages()" classname="tributary.TributaryTestMockito" time="0.004"/>
  <system-out><![CDATA[Created String topic with ID: banana

Created partition with ID: bananaCookingMethods for topic: banana

Created producer with ID: bananaBoiler that produces String events with manual allocation

Created consumer group with ID: bananaChefs for topic: banana with range rebalancing strategy.

Created consumer with ID: beginnerChef for group: bananaChefs

The event: boilBanana has been manually allocated to partition bananaCookingMethods

Consumed 1 messages.

The event: fryBanana has been manually allocated to partition bananaCookingMethods

Consumed 1 messages.

Topic banana already exists.

Partition bananaCookingMethods already exists in topic.

Created producer with ID: bananaBoiler that produces String events with manual allocation

Consumer group bananaChefs already exists.

Consumer beginnerChefalready exists in the group.

Created Integer topic with ID: apple

Created producer with ID: bananaBoiler that produces String events with random allocation

Created producer with ID: bananaFrier that produces String events with manual allocation

Topic banana already exists.

Partition bananaCookingMethods already exists in topic.

Created producer with ID: bananaBoiler that produces String events with manual allocation

Consumer group bananaChefs already exists.

Consumer beginnerChefalready exists in the group.

Topic banana already exists.

Created partition with ID: bananaCookingMethod1 for topic: banana

Created producer with ID: bananaBoiler that produces String events with random allocation

Consumer group bananaChefs already exists.

Created consumer with ID: beginnerChef1 for group: bananaChefs

The event: fryBanana has been manually allocated to partition bananaCookingMethods

Not enough messages to consume.
Consumed 0 messages.

Topic banana already exists.

Partition bananaCookingMethods already exists in topic.

Created producer with ID: bananaBoiler that produces String events with manual allocation

Consumer group bananaChefs already exists.

Consumer beginnerChefalready exists in the group.

Topic banana already exists.

Partition bananaCookingMethods already exists in topic.

Created producer with ID: bananaBoiler that produces String events with manual allocation

Consumer group bananaChefs already exists.

Consumer beginnerChefalready exists in the group.

The event: boilBanana has been manually allocated to partition bananaCookingMethods

The event: fryBanana has been manually allocated to partition bananaCookingMethods

The event: grillBanana has been manually allocated to partition bananaCookingMethods

Topic banana already exists.

Partition bananaCookingMethods already exists in topic.

Created producer with ID: bananaBoiler that produces String events with manual allocation

Consumer group bananaChefs already exists.

Consumer beginnerChefalready exists in the group.

Playback or Backtrack Offset cannot be greater than the number of messages in the partition.

Topic banana already exists.

Partition bananaCookingMethods already exists in topic.

Created producer with ID: bananaBoiler that produces String events with manual allocation

Consumer group bananaChefs already exists.

Consumer beginnerChefalready exists in the group.

Deleted consumer with ID: beginnerChef
Topic banana already exists.

Partition bananaCookingMethods already exists in topic.

Created producer with ID: bananaBoiler that produces String events with manual allocation

Consumer group bananaChefs already exists.

Created consumer with ID: beginnerChef for group: bananaChefs

The event: boilBanana has been manually allocated to partition bananaCookingMethods

The event: fryBanana has been manually allocated to partition bananaCookingMethods

The event: grillBanana has been manually allocated to partition bananaCookingMethods

Partition bananaCookingMethods not found for consumer beginnerChef.

Topic banana already exists.

Partition bananaCookingMethods already exists in topic.

Created producer with ID: bananaBoiler that produces String events with manual allocation

Consumer group bananaChefs already exists.

Consumer beginnerChefalready exists in the group.

Topic banana already exists.

Partition bananaCookingMethods already exists in topic.

Created producer with ID: bananaBoiler that produces String events with manual allocation

Consumer group bananaChefs already exists.

Consumer beginnerChefalready exists in the group.

The event: boilBanana has been manually allocated to partition bananaCookingMethods

The event: grillBanana has been manually allocated to partition bananaCookingMethods

The event: fryBanana has been manually allocated to partition bananaCookingMethods

Partition bananaCookingMethods not found for consumer beginnerChef.

Topic banana already exists.

Partition bananaCookingMethods already exists in topic.

Created producer with ID: bananaBoiler that produces String events with manual allocation

Consumer group bananaChefs already exists.

Consumer beginnerChefalready exists in the group.

The event: fryBanana has been manually allocated to partition bananaCookingMethods

The event: boilBanana has been manually allocated to partition bananaCookingMethods

]]></system-out>
  <system-err><![CDATA[]]></system-err>
</testsuite>
