<?xml version="1.0" encoding="UTF-8"?>
<testsuite name="tributary.TributaryTest1" tests="1" skipped="0" failures="0" errors="0" timestamp="2024-11-04T22:02:55" hostname="bissi-smells.modem" time="0.007">
  <properties/>
  <testcase name="mainSimpleTest()" classname="tributary.TributaryTest1" time="0.007"/>
  <system-out><![CDATA[Created String topic with ID: banana

Created partition with ID: bananaCookingMethods for topic: banana

Created partition with ID: bananaCookingStyles for topic: banana

Created producer with ID: bananaBoiler that produces String events with manual allocation

Created consumer group with ID: bananaChefs for topic: banana with range rebalancing strategy.

Created consumer with ID: beginnerChef for group: bananaChefs

Created consumer with ID: deleteBeginnerChef for group: bananaChefs

The event: boilBanana has been manually allocated to partition bananaCookingMethods

Created producer with ID: bananaFrier that produces String events with manual allocation

The event: fryBanana has been manually allocated to partition bananaCookingStyles

Deleted consumer with ID: deleteBeginnerChef
Consumer Group ID: bananaChefs
Consumer ID: beginnerChef - Assigned Partitions: bananaCookingMethods, bananaCookingStyles, 

--------------------------------------------------

Topic ID: banana
Partition ID: bananaCookingMethods - Messages: boilBanana, 
Partition ID: bananaCookingStyles - Messages: fryBanana, 

--------------------------------------------------

The event: boilBanana has been consumed by consumer beginnerChef. It contains the contents:
duration = 5 mins
temperature = 100C
description = Boil the banana in water for 5 mins at 100C to make a banana tea.
Consumed 1 messages.

Not enough messages to consume.
Consumed 0 messages.

]]></system-out>
  <system-err><![CDATA[]]></system-err>
</testsuite>
