<?xml version="1.0" encoding="UTF-8"?>
<<<<<<< Updated upstream
<testsuite name="tributary.TributaryAdminTest" tests="7" skipped="0" failures="0" errors="0" timestamp="2025-02-13T07:11:22" hostname="C02DC0J8ML7J" time="0.233">
  <properties/>
  <testcase name="testUpdateAdminPermissions()" classname="tributary.TributaryAdminTest" time="0.09"/>
  <testcase name="testAdminAccessControlVerification()" classname="tributary.TributaryAdminTest" time="0.022"/>
  <testcase name="testRebalanceAfterAdminChange()" classname="tributary.TributaryAdminTest" time="0.019"/>
  <testcase name="testAdminProductionAndConsumption()" classname="tributary.TributaryAdminTest" time="0.063"/>
  <testcase name="testRevokeAdminPermissionsOnChange()" classname="tributary.TributaryAdminTest" time="0.012"/>
  <testcase name="testCreateAndChangeAdmins()" classname="tributary.TributaryAdminTest" time="0.012"/>
  <testcase name="testInvalidAdminAssignmentWithoutPermissions()" classname="tributary.TributaryAdminTest" time="0.008"/>
  <system-out><![CDATA[Created String topic with ID: banana1

Created partition with ID: bananaFryingMethod1 for topic: banana1

Created partition with ID: bananaBoilingMethod1 for topic: banana1

Created partition with ID: bananaBakingMethod1 for topic: banana1

Created partition with ID: bananaBlendingMethod1 for topic: banana1

Created String topic with ID: banana2

Created partition with ID: bananaFryingMethod2 for topic: banana2

Created partition with ID: bananaBoilingMethod2 for topic: banana2

Created partition with ID: bananaBakingMethod2 for topic: banana2

Created partition with ID: bananaBlendingMethod2 for topic: banana2

Created String topic with ID: banana3

Created partition with ID: bananaFryingMethod3 for topic: banana3

Created partition with ID: bananaBoilingMethod3 for topic: banana3

Created partition with ID: bananaBakingMethod3 for topic: banana3

Created partition with ID: bananaBlendingMethod3 for topic: banana3

Created producer with ID: bananaBoiler that produces String events with manual allocation

Created producer with ID: bananaFrier that produces String events with manual allocation

Created producer with ID: bananaBaker that produces String events with manual allocation

Created producer with ID: bananaAdmin that produces String events with manual allocation

Created consumer group with ID: boiler for topic: banana1 with range rebalancing strategy.

Created consumer group with ID: frier for topic: banana2 with range rebalancing strategy.

Created consumer group with ID: baker for topic: banana3 with range rebalancing strategy.

Created consumer group with ID: admin for topic: banana1 with range rebalancing strategy.

Created consumer with ID: boilerChef1 for group: boiler

Created consumer with ID: boilerChef2 for group: boiler

Created consumer with ID: boilerChef3 for group: boiler

Created consumer with ID: boilerChef4 for group: boiler

Created consumer with ID: frierChef1 for group: frier

Created consumer with ID: frierChef2 for group: frier

Created consumer with ID: frierChef3 for group: frier

Created consumer with ID: frierChef4 for group: frier

Created consumer with ID: bakerChef1 for group: baker

Created consumer with ID: bakerChef2 for group: baker

Created consumer with ID: bakerChef3 for group: baker

Created consumer with ID: bakerChef4 for group: baker

Created consumer with ID: adminChef1 for group: admin

Created consumer with ID: adminChef2 for group: admin

Created consumer with ID: adminChef3 for group: admin

Created consumer with ID: adminChef4 for group: admin

Consumer Group ID: admin - Type: String
Topic ID: banana1 - Partitions: 
bananaFryingMethod1, bananaBoilingMethod1, bananaBakingMethod1, bananaBlendingMethod1, 
Topic ID: banana2 - Partitions: 
bananaFryingMethod2, bananaBoilingMethod2, bananaBakingMethod2, bananaBlendingMethod2, 
Topic ID: banana3 - Partitions: 
bananaFryingMethod3, bananaBoilingMethod3, bananaBakingMethod3, bananaBlendingMethod3, 

--------------------------------------------------

Consumer Group ID: admin
Consumer ID: adminChef1 - Assigned Partitions: bananaFryingMethod1, bananaBoilingMethod1, bananaBakingMethod1, 
Consumer ID: adminChef2 - Assigned Partitions: bananaBlendingMethod1, bananaFryingMethod2, bananaBoilingMethod2, 
Consumer ID: adminChef3 - Assigned Partitions: bananaBakingMethod2, bananaBlendingMethod2, bananaFryingMethod3, 
Consumer ID: adminChef4 - Assigned Partitions: bananaBoilingMethod3, bananaBakingMethod3, bananaBlendingMethod3, 

--------------------------------------------------

Consumer Group ID: boiler - Type: String
Topic ID: banana1 - Partitions: 
bananaFryingMethod1, bananaBoilingMethod1, bananaBakingMethod1, bananaBlendingMethod1, 
Topic ID: banana2 - Partitions: 
bananaFryingMethod2, bananaBoilingMethod2, bananaBakingMethod2, bananaBlendingMethod2, 
Topic ID: banana3 - Partitions: 
bananaFryingMethod3, bananaBoilingMethod3, bananaBakingMethod3, bananaBlendingMethod3, 

--------------------------------------------------

Consumer Group ID: boiler
Consumer ID: boilerChef1 - Assigned Partitions: bananaFryingMethod1, bananaBoilingMethod1, bananaBakingMethod1, 
Consumer ID: boilerChef2 - Assigned Partitions: bananaBlendingMethod1, bananaFryingMethod2, bananaBoilingMethod2, 
Consumer ID: boilerChef3 - Assigned Partitions: bananaBakingMethod2, bananaBlendingMethod2, bananaFryingMethod3, 
Consumer ID: boilerChef4 - Assigned Partitions: bananaBoilingMethod3, bananaBakingMethod3, bananaBlendingMethod3, 

--------------------------------------------------

Created String topic with ID: banana1

Created partition with ID: bananaFryingMethod1 for topic: banana1

Created partition with ID: bananaBoilingMethod1 for topic: banana1

Created partition with ID: bananaBakingMethod1 for topic: banana1

Created partition with ID: bananaBlendingMethod1 for topic: banana1

Created String topic with ID: banana2

Created partition with ID: bananaFryingMethod2 for topic: banana2

Created partition with ID: bananaBoilingMethod2 for topic: banana2

Created partition with ID: bananaBakingMethod2 for topic: banana2

Created partition with ID: bananaBlendingMethod2 for topic: banana2

Created String topic with ID: banana3

Created partition with ID: bananaFryingMethod3 for topic: banana3

Created partition with ID: bananaBoilingMethod3 for topic: banana3

Created partition with ID: bananaBakingMethod3 for topic: banana3

Created partition with ID: bananaBlendingMethod3 for topic: banana3

Created producer with ID: bananaBoiler that produces String events with manual allocation

Created producer with ID: bananaFrier that produces String events with manual allocation

Created producer with ID: bananaBaker that produces String events with manual allocation

Created producer with ID: bananaAdmin that produces String events with manual allocation

Created consumer group with ID: boiler for topic: banana1 with range rebalancing strategy.

Created consumer group with ID: frier for topic: banana2 with range rebalancing strategy.

Created consumer group with ID: baker for topic: banana3 with range rebalancing strategy.

Created consumer group with ID: admin for topic: banana1 with range rebalancing strategy.

Created consumer with ID: boilerChef1 for group: boiler

Created consumer with ID: boilerChef2 for group: boiler

Created consumer with ID: boilerChef3 for group: boiler

Created consumer with ID: boilerChef4 for group: boiler

Created consumer with ID: frierChef1 for group: frier

Created consumer with ID: frierChef2 for group: frier

Created consumer with ID: frierChef3 for group: frier

Created consumer with ID: frierChef4 for group: frier

Created consumer with ID: bakerChef1 for group: baker

Created consumer with ID: bakerChef2 for group: baker

Created consumer with ID: bakerChef3 for group: baker

Created consumer with ID: bakerChef4 for group: baker

Created consumer with ID: adminChef1 for group: admin

Created consumer with ID: adminChef2 for group: admin

Created consumer with ID: adminChef3 for group: admin

Created consumer with ID: adminChef4 for group: admin

Consumer Group ID: admin - Type: String
Topic ID: banana1 - Partitions: 
bananaFryingMethod1, bananaBoilingMethod1, bananaBakingMethod1, bananaBlendingMethod1, 
Topic ID: banana2 - Partitions: 
bananaFryingMethod2, bananaBoilingMethod2, bananaBakingMethod2, bananaBlendingMethod2, 
Topic ID: banana3 - Partitions: 
bananaFryingMethod3, bananaBoilingMethod3, bananaBakingMethod3, bananaBlendingMethod3, 

--------------------------------------------------

Consumer Group ID: admin
Consumer ID: adminChef1 - Assigned Partitions: bananaFryingMethod1, bananaBoilingMethod1, bananaBakingMethod1, 
Consumer ID: adminChef2 - Assigned Partitions: bananaBlendingMethod1, bananaFryingMethod2, bananaBoilingMethod2, 
Consumer ID: adminChef3 - Assigned Partitions: bananaBakingMethod2, bananaBlendingMethod2, bananaFryingMethod3, 
Consumer ID: adminChef4 - Assigned Partitions: bananaBoilingMethod3, bananaBakingMethod3, bananaBlendingMethod3, 

--------------------------------------------------

Producer null does not exist.

Consumer Group ID: bananaAdmin - Type: String
Topic ID: banana1 - Partitions: 
bananaFryingMethod1, bananaBoilingMethod1, bananaBakingMethod1, bananaBlendingMethod1, 
Topic ID: banana2 - Partitions: 
bananaFryingMethod2, bananaBoilingMethod2, bananaBakingMethod2, bananaBlendingMethod2, 
Topic ID: banana3 - Partitions: 
bananaFryingMethod3, bananaBoilingMethod3, bananaBakingMethod3, bananaBlendingMethod3, 

--------------------------------------------------

Created String topic with ID: banana1

Created partition with ID: bananaFryingMethod1 for topic: banana1

Created partition with ID: bananaBoilingMethod1 for topic: banana1

Created partition with ID: bananaBakingMethod1 for topic: banana1

Created partition with ID: bananaBlendingMethod1 for topic: banana1

Created String topic with ID: banana2

Created partition with ID: bananaFryingMethod2 for topic: banana2

Created partition with ID: bananaBoilingMethod2 for topic: banana2

Created partition with ID: bananaBakingMethod2 for topic: banana2

Created partition with ID: bananaBlendingMethod2 for topic: banana2

Created String topic with ID: banana3

Created partition with ID: bananaFryingMethod3 for topic: banana3

Created partition with ID: bananaBoilingMethod3 for topic: banana3

Created partition with ID: bananaBakingMethod3 for topic: banana3

Created partition with ID: bananaBlendingMethod3 for topic: banana3

Created producer with ID: bananaBoiler that produces String events with manual allocation

Created producer with ID: bananaFrier that produces String events with manual allocation

Created producer with ID: bananaBaker that produces String events with manual allocation

Created producer with ID: bananaAdmin that produces String events with manual allocation

Created consumer group with ID: boiler for topic: banana1 with range rebalancing strategy.

Created consumer group with ID: frier for topic: banana2 with range rebalancing strategy.

Created consumer group with ID: baker for topic: banana3 with range rebalancing strategy.

Created consumer group with ID: admin for topic: banana1 with range rebalancing strategy.

Created consumer with ID: boilerChef1 for group: boiler

Created consumer with ID: boilerChef2 for group: boiler

Created consumer with ID: boilerChef3 for group: boiler

Created consumer with ID: boilerChef4 for group: boiler

Created consumer with ID: frierChef1 for group: frier

Created consumer with ID: frierChef2 for group: frier

Created consumer with ID: frierChef3 for group: frier

Created consumer with ID: frierChef4 for group: frier

Created consumer with ID: bakerChef1 for group: baker

Created consumer with ID: bakerChef2 for group: baker

Created consumer with ID: bakerChef3 for group: baker

Created consumer with ID: bakerChef4 for group: baker

Created consumer with ID: adminChef1 for group: admin

Created consumer with ID: adminChef2 for group: admin

Created consumer with ID: adminChef3 for group: admin

Created consumer with ID: adminChef4 for group: admin

Consumer Group ID: admin - Type: String
Topic ID: banana1 - Partitions: 
bananaFryingMethod1, bananaBoilingMethod1, bananaBakingMethod1, bananaBlendingMethod1, 
Topic ID: banana2 - Partitions: 
bananaFryingMethod2, bananaBoilingMethod2, bananaBakingMethod2, bananaBlendingMethod2, 
Topic ID: banana3 - Partitions: 
bananaFryingMethod3, bananaBoilingMethod3, bananaBakingMethod3, bananaBlendingMethod3, 

--------------------------------------------------

Consumer Group ID: admin
Consumer ID: adminChef1 - Assigned Partitions: bananaFryingMethod1, bananaBoilingMethod1, bananaBakingMethod1, 
Consumer ID: adminChef2 - Assigned Partitions: bananaBlendingMethod1, bananaFryingMethod2, bananaBoilingMethod2, 
Consumer ID: adminChef3 - Assigned Partitions: bananaBakingMethod2, bananaBlendingMethod2, bananaFryingMethod3, 
Consumer ID: adminChef4 - Assigned Partitions: bananaBoilingMethod3, bananaBakingMethod3, bananaBlendingMethod3, 

--------------------------------------------------

Consumer Group ID: boiler - Type: String
Topic ID: banana1 - Partitions: 
bananaFryingMethod1, bananaBoilingMethod1, bananaBakingMethod1, bananaBlendingMethod1, 
Topic ID: banana2 - Partitions: 
bananaFryingMethod2, bananaBoilingMethod2, bananaBakingMethod2, bananaBlendingMethod2, 
Topic ID: banana3 - Partitions: 
bananaFryingMethod3, bananaBoilingMethod3, bananaBakingMethod3, bananaBlendingMethod3, 

--------------------------------------------------

Consumer Group ID: boiler
Consumer ID: boilerChef1 - Assigned Partitions: bananaFryingMethod1, bananaBoilingMethod1, bananaBakingMethod1, 
Consumer ID: boilerChef2 - Assigned Partitions: bananaBlendingMethod1, bananaFryingMethod2, bananaBoilingMethod2, 
Consumer ID: boilerChef3 - Assigned Partitions: bananaBakingMethod2, bananaBlendingMethod2, bananaFryingMethod3, 
Consumer ID: boilerChef4 - Assigned Partitions: bananaBoilingMethod3, bananaBakingMethod3, bananaBlendingMethod3, 

--------------------------------------------------

Created String topic with ID: banana1

Created partition with ID: bananaFryingMethod1 for topic: banana1

Created partition with ID: bananaBoilingMethod1 for topic: banana1

Created partition with ID: bananaBakingMethod1 for topic: banana1

Created partition with ID: bananaBlendingMethod1 for topic: banana1

Created String topic with ID: banana2

Created partition with ID: bananaFryingMethod2 for topic: banana2

Created partition with ID: bananaBoilingMethod2 for topic: banana2

Created partition with ID: bananaBakingMethod2 for topic: banana2

Created partition with ID: bananaBlendingMethod2 for topic: banana2

Created String topic with ID: banana3

Created partition with ID: bananaFryingMethod3 for topic: banana3

Created partition with ID: bananaBoilingMethod3 for topic: banana3

Created partition with ID: bananaBakingMethod3 for topic: banana3

Created partition with ID: bananaBlendingMethod3 for topic: banana3

Created producer with ID: bananaBoiler that produces String events with manual allocation

Created producer with ID: bananaFrier that produces String events with manual allocation

Created producer with ID: bananaBaker that produces String events with manual allocation

Created producer with ID: bananaAdmin that produces String events with manual allocation

Created consumer group with ID: boiler for topic: banana1 with range rebalancing strategy.

Created consumer group with ID: frier for topic: banana2 with range rebalancing strategy.

Created consumer group with ID: baker for topic: banana3 with range rebalancing strategy.

Created consumer group with ID: admin for topic: banana1 with range rebalancing strategy.

Created consumer with ID: boilerChef1 for group: boiler

Created consumer with ID: boilerChef2 for group: boiler

Created consumer with ID: boilerChef3 for group: boiler

Created consumer with ID: boilerChef4 for group: boiler

Created consumer with ID: frierChef1 for group: frier

Created consumer with ID: frierChef2 for group: frier

Created consumer with ID: frierChef3 for group: frier

Created consumer with ID: frierChef4 for group: frier

Created consumer with ID: bakerChef1 for group: baker

Created consumer with ID: bakerChef2 for group: baker

Created consumer with ID: bakerChef3 for group: baker

Created consumer with ID: bakerChef4 for group: baker

Created consumer with ID: adminChef1 for group: admin

Created consumer with ID: adminChef2 for group: admin

Created consumer with ID: adminChef3 for group: admin

Created consumer with ID: adminChef4 for group: admin

Producer null does not exist.

Consumer Group ID: bananaAdmin - Type: String
Topic ID: banana1 - Partitions: 
bananaFryingMethod1, bananaBoilingMethod1, bananaBakingMethod1, bananaBlendingMethod1, 
Topic ID: banana2 - Partitions: 
bananaFryingMethod2, bananaBoilingMethod2, bananaBakingMethod2, bananaBlendingMethod2, 
Topic ID: banana3 - Partitions: 
bananaFryingMethod3, bananaBoilingMethod3, bananaBakingMethod3, bananaBlendingMethod3, 

--------------------------------------------------

Topic ID: banana1
Partition ID: bananaFryingMethod1 - Messages: 
Partition ID: bananaBoilingMethod1 - Messages: 
Partition ID: bananaBakingMethod1 - Messages: 
Partition ID: bananaBlendingMethod1 - Messages: blendBanana, 

--------------------------------------------------

Topic ID: banana2
Partition ID: bananaFryingMethod2 - Messages: 
Partition ID: bananaBoilingMethod2 - Messages: 
Partition ID: bananaBakingMethod2 - Messages: 
Partition ID: bananaBlendingMethod2 - Messages: 

--------------------------------------------------

Topic ID: banana3
Partition ID: bananaFryingMethod3 - Messages: 
Partition ID: bananaBoilingMethod3 - Messages: 
Partition ID: bananaBakingMethod3 - Messages: 
Partition ID: bananaBlendingMethod3 - Messages: 

--------------------------------------------------

Consumer Group ID: boiler
Consumer ID: boilerChef1 - Assigned Partitions: bananaFryingMethod1, 
Consumer ID: boilerChef2 - Assigned Partitions: bananaBoilingMethod1, 
Consumer ID: boilerChef3 - Assigned Partitions: bananaBakingMethod1, 
Consumer ID: boilerChef4 - Assigned Partitions: bananaBlendingMethod1, 

--------------------------------------------------

Consumer Group ID: frier
Consumer ID: frierChef1 - Assigned Partitions: bananaFryingMethod2, 
Consumer ID: frierChef2 - Assigned Partitions: bananaBoilingMethod2, 
Consumer ID: frierChef3 - Assigned Partitions: bananaBakingMethod2, 
Consumer ID: frierChef4 - Assigned Partitions: bananaBlendingMethod2, 

--------------------------------------------------

Consumer Group ID: baker
Consumer ID: bakerChef1 - Assigned Partitions: bananaFryingMethod3, 
Consumer ID: bakerChef2 - Assigned Partitions: bananaBoilingMethod3, 
Consumer ID: bakerChef3 - Assigned Partitions: bananaBakingMethod3, 
Consumer ID: bakerChef4 - Assigned Partitions: bananaBlendingMethod3, 

--------------------------------------------------

Consumer Group ID: admin
Consumer ID: adminChef1 - Assigned Partitions: bananaFryingMethod1, 
Consumer ID: adminChef2 - Assigned Partitions: bananaBoilingMethod1, 
Consumer ID: adminChef3 - Assigned Partitions: bananaBakingMethod1, 
Consumer ID: adminChef4 - Assigned Partitions: bananaBlendingMethod1, 

--------------------------------------------------

Consumer Group ID: admin - Type: String
Topic ID: banana1 - Partitions: 
bananaFryingMethod1, bananaBoilingMethod1, bananaBakingMethod1, bananaBlendingMethod1, 
Topic ID: banana2 - Partitions: 
bananaFryingMethod2, bananaBoilingMethod2, bananaBakingMethod2, bananaBlendingMethod2, 
Topic ID: banana3 - Partitions: 
bananaFryingMethod3, bananaBoilingMethod3, bananaBakingMethod3, bananaBlendingMethod3, 

--------------------------------------------------

Consumer Group ID: admin
Consumer ID: adminChef1 - Assigned Partitions: bananaFryingMethod1, bananaBoilingMethod1, bananaBakingMethod1, 
Consumer ID: adminChef2 - Assigned Partitions: bananaBlendingMethod1, bananaFryingMethod2, bananaBoilingMethod2, 
Consumer ID: adminChef3 - Assigned Partitions: bananaBakingMethod2, bananaBlendingMethod2, bananaFryingMethod3, 
Consumer ID: adminChef4 - Assigned Partitions: bananaBoilingMethod3, bananaBakingMethod3, bananaBlendingMethod3, 

--------------------------------------------------

Created String topic with ID: banana1

Created partition with ID: bananaFryingMethod1 for topic: banana1

Created partition with ID: bananaBoilingMethod1 for topic: banana1

Created partition with ID: bananaBakingMethod1 for topic: banana1

Created partition with ID: bananaBlendingMethod1 for topic: banana1

Created String topic with ID: banana2

Created partition with ID: bananaFryingMethod2 for topic: banana2

Created partition with ID: bananaBoilingMethod2 for topic: banana2

Created partition with ID: bananaBakingMethod2 for topic: banana2

Created partition with ID: bananaBlendingMethod2 for topic: banana2

Created String topic with ID: banana3

Created partition with ID: bananaFryingMethod3 for topic: banana3

Created partition with ID: bananaBoilingMethod3 for topic: banana3

Created partition with ID: bananaBakingMethod3 for topic: banana3

Created partition with ID: bananaBlendingMethod3 for topic: banana3

Created producer with ID: bananaBoiler that produces String events with manual allocation

Created producer with ID: bananaFrier that produces String events with manual allocation

Created producer with ID: bananaBaker that produces String events with manual allocation

Created producer with ID: bananaAdmin that produces String events with manual allocation

Created consumer group with ID: boiler for topic: banana1 with range rebalancing strategy.

Created consumer group with ID: frier for topic: banana2 with range rebalancing strategy.

Created consumer group with ID: baker for topic: banana3 with range rebalancing strategy.

Created consumer group with ID: admin for topic: banana1 with range rebalancing strategy.

Created consumer with ID: boilerChef1 for group: boiler

Created consumer with ID: boilerChef2 for group: boiler

Created consumer with ID: boilerChef3 for group: boiler

Created consumer with ID: boilerChef4 for group: boiler

Created consumer with ID: frierChef1 for group: frier

Created consumer with ID: frierChef2 for group: frier

Created consumer with ID: frierChef3 for group: frier

Created consumer with ID: frierChef4 for group: frier

Created consumer with ID: bakerChef1 for group: baker

Created consumer with ID: bakerChef2 for group: baker

Created consumer with ID: bakerChef3 for group: baker

Created consumer with ID: bakerChef4 for group: baker

Created consumer with ID: adminChef1 for group: admin

Created consumer with ID: adminChef2 for group: admin

Created consumer with ID: adminChef3 for group: admin

Created consumer with ID: adminChef4 for group: admin

Consumer Group ID: admin - Type: String
Topic ID: banana1 - Partitions: 
bananaFryingMethod1, bananaBoilingMethod1, bananaBakingMethod1, bananaBlendingMethod1, 
Topic ID: banana2 - Partitions: 
bananaFryingMethod2, bananaBoilingMethod2, bananaBakingMethod2, bananaBlendingMethod2, 
Topic ID: banana3 - Partitions: 
bananaFryingMethod3, bananaBoilingMethod3, bananaBakingMethod3, bananaBlendingMethod3, 

--------------------------------------------------

Consumer Group ID: admin
Consumer ID: adminChef1 - Assigned Partitions: bananaFryingMethod1, bananaBoilingMethod1, bananaBakingMethod1, 
Consumer ID: adminChef2 - Assigned Partitions: bananaBlendingMethod1, bananaFryingMethod2, bananaBoilingMethod2, 
Consumer ID: adminChef3 - Assigned Partitions: bananaBakingMethod2, bananaBlendingMethod2, bananaFryingMethod3, 
Consumer ID: adminChef4 - Assigned Partitions: bananaBoilingMethod3, bananaBakingMethod3, bananaBlendingMethod3, 

--------------------------------------------------

Consumer Group ID: boiler - Type: String
Topic ID: banana1 - Partitions: 
bananaFryingMethod1, bananaBoilingMethod1, bananaBakingMethod1, bananaBlendingMethod1, 
Topic ID: banana2 - Partitions: 
bananaFryingMethod2, bananaBoilingMethod2, bananaBakingMethod2, bananaBlendingMethod2, 
Topic ID: banana3 - Partitions: 
bananaFryingMethod3, bananaBoilingMethod3, bananaBakingMethod3, bananaBlendingMethod3, 

--------------------------------------------------

Consumer Group ID: boiler
Consumer ID: boilerChef1 - Assigned Partitions: bananaFryingMethod1, bananaBoilingMethod1, bananaBakingMethod1, 
Consumer ID: boilerChef2 - Assigned Partitions: bananaBlendingMethod1, bananaFryingMethod2, bananaBoilingMethod2, 
Consumer ID: boilerChef3 - Assigned Partitions: bananaBakingMethod2, bananaBlendingMethod2, bananaFryingMethod3, 
Consumer ID: boilerChef4 - Assigned Partitions: bananaBoilingMethod3, bananaBakingMethod3, bananaBlendingMethod3, 

--------------------------------------------------

Created String topic with ID: banana1

Created partition with ID: bananaFryingMethod1 for topic: banana1

Created partition with ID: bananaBoilingMethod1 for topic: banana1

Created partition with ID: bananaBakingMethod1 for topic: banana1

Created partition with ID: bananaBlendingMethod1 for topic: banana1

Created String topic with ID: banana2

Created partition with ID: bananaFryingMethod2 for topic: banana2

Created partition with ID: bananaBoilingMethod2 for topic: banana2

Created partition with ID: bananaBakingMethod2 for topic: banana2

Created partition with ID: bananaBlendingMethod2 for topic: banana2

Created String topic with ID: banana3

Created partition with ID: bananaFryingMethod3 for topic: banana3

Created partition with ID: bananaBoilingMethod3 for topic: banana3

Created partition with ID: bananaBakingMethod3 for topic: banana3

Created partition with ID: bananaBlendingMethod3 for topic: banana3

Created producer with ID: bananaBoiler that produces String events with manual allocation

Created producer with ID: bananaFrier that produces String events with manual allocation

Created producer with ID: bananaBaker that produces String events with manual allocation

Created producer with ID: bananaAdmin that produces String events with manual allocation

Created consumer group with ID: boiler for topic: banana1 with range rebalancing strategy.

Created consumer group with ID: frier for topic: banana2 with range rebalancing strategy.

Created consumer group with ID: baker for topic: banana3 with range rebalancing strategy.

Created consumer group with ID: admin for topic: banana1 with range rebalancing strategy.

Created consumer with ID: boilerChef1 for group: boiler

Created consumer with ID: boilerChef2 for group: boiler

Created consumer with ID: boilerChef3 for group: boiler

Created consumer with ID: boilerChef4 for group: boiler

Created consumer with ID: frierChef1 for group: frier

Created consumer with ID: frierChef2 for group: frier

Created consumer with ID: frierChef3 for group: frier

Created consumer with ID: frierChef4 for group: frier

Created consumer with ID: bakerChef1 for group: baker

Created consumer with ID: bakerChef2 for group: baker

Created consumer with ID: bakerChef3 for group: baker

Created consumer with ID: bakerChef4 for group: baker

Created consumer with ID: adminChef1 for group: admin

Created consumer with ID: adminChef2 for group: admin

Created consumer with ID: adminChef3 for group: admin

Created consumer with ID: adminChef4 for group: admin

Consumer Group ID: admin - Type: String
Topic ID: banana1 - Partitions: 
bananaFryingMethod1, bananaBoilingMethod1, bananaBakingMethod1, bananaBlendingMethod1, 
Topic ID: banana2 - Partitions: 
bananaFryingMethod2, bananaBoilingMethod2, bananaBakingMethod2, bananaBlendingMethod2, 
Topic ID: banana3 - Partitions: 
bananaFryingMethod3, bananaBoilingMethod3, bananaBakingMethod3, bananaBlendingMethod3, 

--------------------------------------------------

Consumer Group ID: admin
Consumer ID: adminChef1 - Assigned Partitions: bananaFryingMethod1, bananaBoilingMethod1, bananaBakingMethod1, 
Consumer ID: adminChef2 - Assigned Partitions: bananaBlendingMethod1, bananaFryingMethod2, bananaBoilingMethod2, 
Consumer ID: adminChef3 - Assigned Partitions: bananaBakingMethod2, bananaBlendingMethod2, bananaFryingMethod3, 
Consumer ID: adminChef4 - Assigned Partitions: bananaBoilingMethod3, bananaBakingMethod3, bananaBlendingMethod3, 

--------------------------------------------------

Producer null does not exist.

Consumer Group ID: bananaAdmin - Type: String
Topic ID: banana1 - Partitions: 
bananaFryingMethod1, bananaBoilingMethod1, bananaBakingMethod1, bananaBlendingMethod1, 
Topic ID: banana2 - Partitions: 
bananaFryingMethod2, bananaBoilingMethod2, bananaBakingMethod2, bananaBlendingMethod2, 
Topic ID: banana3 - Partitions: 
bananaFryingMethod3, bananaBoilingMethod3, bananaBakingMethod3, bananaBlendingMethod3, 

--------------------------------------------------

Consumer Group ID: boiler - Type: String
Topic ID: banana1 - Partitions: 
bananaFryingMethod1, bananaBoilingMethod1, bananaBakingMethod1, bananaBlendingMethod1, 
Topic ID: banana2 - Partitions: 
bananaFryingMethod2, bananaBoilingMethod2, bananaBakingMethod2, bananaBlendingMethod2, 
Topic ID: banana3 - Partitions: 
bananaFryingMethod3, bananaBoilingMethod3, bananaBakingMethod3, bananaBlendingMethod3, 

--------------------------------------------------

Consumer Group ID: boiler
Consumer ID: boilerChef1 - Assigned Partitions: bananaFryingMethod1, bananaBoilingMethod1, bananaBakingMethod1, 
Consumer ID: boilerChef2 - Assigned Partitions: bananaBlendingMethod1, bananaFryingMethod2, bananaBoilingMethod2, 
Consumer ID: boilerChef3 - Assigned Partitions: bananaBakingMethod2, bananaBlendingMethod2, bananaFryingMethod3, 
Consumer ID: boilerChef4 - Assigned Partitions: bananaBoilingMethod3, bananaBakingMethod3, bananaBlendingMethod3, 

--------------------------------------------------

Consumer Group ID: bananaBoiler - Type: String
Topic ID: banana1 - Partitions: 
bananaFryingMethod1, bananaBoilingMethod1, bananaBakingMethod1, bananaBlendingMethod1, 
Topic ID: banana2 - Partitions: 
bananaFryingMethod2, bananaBoilingMethod2, bananaBakingMethod2, bananaBlendingMethod2, 
Topic ID: banana3 - Partitions: 
bananaFryingMethod3, bananaBoilingMethod3, bananaBakingMethod3, bananaBlendingMethod3, 

--------------------------------------------------

Created String topic with ID: banana1

Created partition with ID: bananaFryingMethod1 for topic: banana1

Created partition with ID: bananaBoilingMethod1 for topic: banana1

Created partition with ID: bananaBakingMethod1 for topic: banana1

Created partition with ID: bananaBlendingMethod1 for topic: banana1

Created String topic with ID: banana2

Created partition with ID: bananaFryingMethod2 for topic: banana2

Created partition with ID: bananaBoilingMethod2 for topic: banana2

Created partition with ID: bananaBakingMethod2 for topic: banana2

Created partition with ID: bananaBlendingMethod2 for topic: banana2

Created String topic with ID: banana3

Created partition with ID: bananaFryingMethod3 for topic: banana3

Created partition with ID: bananaBoilingMethod3 for topic: banana3

Created partition with ID: bananaBakingMethod3 for topic: banana3

Created partition with ID: bananaBlendingMethod3 for topic: banana3

Created producer with ID: bananaBoiler that produces String events with manual allocation

Created producer with ID: bananaFrier that produces String events with manual allocation

Created producer with ID: bananaBaker that produces String events with manual allocation

Created producer with ID: bananaAdmin that produces String events with manual allocation

Created consumer group with ID: boiler for topic: banana1 with range rebalancing strategy.

Created consumer group with ID: frier for topic: banana2 with range rebalancing strategy.

Created consumer group with ID: baker for topic: banana3 with range rebalancing strategy.

Created consumer group with ID: admin for topic: banana1 with range rebalancing strategy.

Created consumer with ID: boilerChef1 for group: boiler

Created consumer with ID: boilerChef2 for group: boiler

Created consumer with ID: boilerChef3 for group: boiler

Created consumer with ID: boilerChef4 for group: boiler

Created consumer with ID: frierChef1 for group: frier

Created consumer with ID: frierChef2 for group: frier

Created consumer with ID: frierChef3 for group: frier

Created consumer with ID: frierChef4 for group: frier

Created consumer with ID: bakerChef1 for group: baker

Created consumer with ID: bakerChef2 for group: baker

Created consumer with ID: bakerChef3 for group: baker

Created consumer with ID: bakerChef4 for group: baker

Created consumer with ID: adminChef1 for group: admin

Created consumer with ID: adminChef2 for group: admin

Created consumer with ID: adminChef3 for group: admin

Created consumer with ID: adminChef4 for group: admin

]]></system-out>
=======
<testsuite name="tributary.TributaryAdminTest" tests="7" skipped="0" failures="7" errors="0" timestamp="2025-02-12T09:00:33" hostname="bissi-smells.modem" time="0.008">
  <properties/>
  <testcase name="testUpdateAdminPermissions()" classname="tributary.TributaryAdminTest" time="0.0">
    <failure message="java.lang.ExceptionInInitializerError" type="java.lang.ExceptionInInitializerError">java.lang.ExceptionInInitializerError
	at java.base/jdk.internal.reflect.NativeConstructorAccessorImpl.newInstance0(Native Method)
	at java.base/jdk.internal.reflect.NativeConstructorAccessorImpl.newInstance(NativeConstructorAccessorImpl.java:77)
	at java.base/jdk.internal.reflect.DelegatingConstructorAccessorImpl.newInstance(DelegatingConstructorAccessorImpl.java:45)
	at java.base/java.lang.reflect.Constructor.newInstanceWithCaller(Constructor.java:500)
	at java.base/java.lang.reflect.Constructor.newInstance(Constructor.java:481)
	at org.junit.platform.commons.util.ReflectionUtils.newInstance(ReflectionUtils.java:552)
	at org.junit.jupiter.engine.execution.ConstructorInvocation.proceed(ConstructorInvocation.java:56)
	at org.junit.jupiter.engine.execution.InvocationInterceptorChain$ValidatingInvocation.proceed(InvocationInterceptorChain.java:131)
	at org.junit.jupiter.api.extension.InvocationInterceptor.interceptTestClassConstructor(InvocationInterceptor.java:73)
	at org.junit.jupiter.engine.execution.InterceptingExecutableInvoker.lambda$invoke$0(InterceptingExecutableInvoker.java:93)
	at org.junit.jupiter.engine.execution.InvocationInterceptorChain$InterceptedInvocation.proceed(InvocationInterceptorChain.java:106)
	at org.junit.jupiter.engine.execution.InvocationInterceptorChain.proceed(InvocationInterceptorChain.java:64)
	at org.junit.jupiter.engine.execution.InvocationInterceptorChain.chainAndInvoke(InvocationInterceptorChain.java:45)
	at org.junit.jupiter.engine.execution.InvocationInterceptorChain.invoke(InvocationInterceptorChain.java:37)
	at org.junit.jupiter.engine.execution.InterceptingExecutableInvoker.invoke(InterceptingExecutableInvoker.java:92)
	at org.junit.jupiter.engine.execution.InterceptingExecutableInvoker.invoke(InterceptingExecutableInvoker.java:62)
	at org.junit.jupiter.engine.descriptor.ClassBasedTestDescriptor.invokeTestClassConstructor(ClassBasedTestDescriptor.java:363)
	at org.junit.jupiter.engine.descriptor.ClassBasedTestDescriptor.instantiateTestClass(ClassBasedTestDescriptor.java:310)
	at org.junit.jupiter.engine.descriptor.ClassTestDescriptor.instantiateTestClass(ClassTestDescriptor.java:79)
	at org.junit.jupiter.engine.descriptor.ClassBasedTestDescriptor.instantiateAndPostProcessTestInstance(ClassBasedTestDescriptor.java:286)
	at org.junit.jupiter.engine.descriptor.ClassBasedTestDescriptor.lambda$testInstancesProvider$4(ClassBasedTestDescriptor.java:278)
	at java.base/java.util.Optional.orElseGet(Optional.java:364)
	at org.junit.jupiter.engine.descriptor.ClassBasedTestDescriptor.lambda$testInstancesProvider$5(ClassBasedTestDescriptor.java:277)
	at org.junit.jupiter.engine.execution.TestInstancesProvider.getTestInstances(TestInstancesProvider.java:31)
	at org.junit.jupiter.engine.descriptor.TestMethodTestDescriptor.lambda$prepare$0(TestMethodTestDescriptor.java:105)
	at org.junit.platform.engine.support.hierarchical.ThrowableCollector.execute(ThrowableCollector.java:73)
	at org.junit.jupiter.engine.descriptor.TestMethodTestDescriptor.prepare(TestMethodTestDescriptor.java:104)
	at org.junit.jupiter.engine.descriptor.TestMethodTestDescriptor.prepare(TestMethodTestDescriptor.java:68)
	at org.junit.platform.engine.support.hierarchical.NodeTestTask.lambda$prepare$2(NodeTestTask.java:123)
	at org.junit.platform.engine.support.hierarchical.ThrowableCollector.execute(ThrowableCollector.java:73)
	at org.junit.platform.engine.support.hierarchical.NodeTestTask.prepare(NodeTestTask.java:123)
	at org.junit.platform.engine.support.hierarchical.NodeTestTask.execute(NodeTestTask.java:90)
	at java.base/java.util.ArrayList.forEach(ArrayList.java:1511)
	at org.junit.platform.engine.support.hierarchical.SameThreadHierarchicalTestExecutorService.invokeAll(SameThreadHierarchicalTestExecutorService.java:41)
	at org.junit.platform.engine.support.hierarchical.NodeTestTask.lambda$executeRecursively$6(NodeTestTask.java:155)
	at org.junit.platform.engine.support.hierarchical.ThrowableCollector.execute(ThrowableCollector.java:73)
	at org.junit.platform.engine.support.hierarchical.NodeTestTask.lambda$executeRecursively$8(NodeTestTask.java:141)
	at org.junit.platform.engine.support.hierarchical.Node.around(Node.java:137)
	at org.junit.platform.engine.support.hierarchical.NodeTestTask.lambda$executeRecursively$9(NodeTestTask.java:139)
	at org.junit.platform.engine.support.hierarchical.ThrowableCollector.execute(ThrowableCollector.java:73)
	at org.junit.platform.engine.support.hierarchical.NodeTestTask.executeRecursively(NodeTestTask.java:138)
	at org.junit.platform.engine.support.hierarchical.NodeTestTask.execute(NodeTestTask.java:95)
	at java.base/java.util.ArrayList.forEach(ArrayList.java:1511)
	at org.junit.platform.engine.support.hierarchical.SameThreadHierarchicalTestExecutorService.invokeAll(SameThreadHierarchicalTestExecutorService.java:41)
	at org.junit.platform.engine.support.hierarchical.NodeTestTask.lambda$executeRecursively$6(NodeTestTask.java:155)
	at org.junit.platform.engine.support.hierarchical.ThrowableCollector.execute(ThrowableCollector.java:73)
	at org.junit.platform.engine.support.hierarchical.NodeTestTask.lambda$executeRecursively$8(NodeTestTask.java:141)
	at org.junit.platform.engine.support.hierarchical.Node.around(Node.java:137)
	at org.junit.platform.engine.support.hierarchical.NodeTestTask.lambda$executeRecursively$9(NodeTestTask.java:139)
	at org.junit.platform.engine.support.hierarchical.ThrowableCollector.execute(ThrowableCollector.java:73)
	at org.junit.platform.engine.support.hierarchical.NodeTestTask.executeRecursively(NodeTestTask.java:138)
	at org.junit.platform.engine.support.hierarchical.NodeTestTask.execute(NodeTestTask.java:95)
	at org.junit.platform.engine.support.hierarchical.SameThreadHierarchicalTestExecutorService.submit(SameThreadHierarchicalTestExecutorService.java:35)
	at org.junit.platform.engine.support.hierarchical.HierarchicalTestExecutor.execute(HierarchicalTestExecutor.java:57)
	at org.junit.platform.engine.support.hierarchical.HierarchicalTestEngine.execute(HierarchicalTestEngine.java:54)
	at org.junit.platform.launcher.core.EngineExecutionOrchestrator.execute(EngineExecutionOrchestrator.java:147)
	at org.junit.platform.launcher.core.EngineExecutionOrchestrator.execute(EngineExecutionOrchestrator.java:127)
	at org.junit.platform.launcher.core.EngineExecutionOrchestrator.execute(EngineExecutionOrchestrator.java:90)
	at org.junit.platform.launcher.core.EngineExecutionOrchestrator.lambda$execute$0(EngineExecutionOrchestrator.java:55)
	at org.junit.platform.launcher.core.EngineExecutionOrchestrator.withInterceptedStreams(EngineExecutionOrchestrator.java:102)
	at org.junit.platform.launcher.core.EngineExecutionOrchestrator.execute(EngineExecutionOrchestrator.java:54)
	at org.junit.platform.launcher.core.DefaultLauncher.execute(DefaultLauncher.java:114)
	at org.junit.platform.launcher.core.DefaultLauncher.execute(DefaultLauncher.java:86)
	at org.junit.platform.launcher.core.DefaultLauncherSession$DelegatingLauncher.execute(DefaultLauncherSession.java:86)
	at org.junit.platform.launcher.core.SessionPerRequestLauncher.execute(SessionPerRequestLauncher.java:53)
	at org.gradle.api.internal.tasks.testing.junitplatform.JUnitPlatformTestClassProcessor$CollectAllTestClassesExecutor.processAllTestClasses(JUnitPlatformTestClassProcessor.java:99)
	at org.gradle.api.internal.tasks.testing.junitplatform.JUnitPlatformTestClassProcessor$CollectAllTestClassesExecutor.access$000(JUnitPlatformTestClassProcessor.java:79)
	at org.gradle.api.internal.tasks.testing.junitplatform.JUnitPlatformTestClassProcessor.stop(JUnitPlatformTestClassProcessor.java:75)
	at org.gradle.api.internal.tasks.testing.SuiteTestClassProcessor.stop(SuiteTestClassProcessor.java:62)
	at java.base/jdk.internal.reflect.NativeMethodAccessorImpl.invoke0(Native Method)
	at java.base/jdk.internal.reflect.NativeMethodAccessorImpl.invoke(NativeMethodAccessorImpl.java:77)
	at java.base/jdk.internal.reflect.DelegatingMethodAccessorImpl.invoke(DelegatingMethodAccessorImpl.java:43)
	at java.base/java.lang.reflect.Method.invoke(Method.java:569)
	at org.gradle.internal.dispatch.ReflectionDispatch.dispatch(ReflectionDispatch.java:36)
	at org.gradle.internal.dispatch.ReflectionDispatch.dispatch(ReflectionDispatch.java:24)
	at org.gradle.internal.dispatch.ContextClassLoaderDispatch.dispatch(ContextClassLoaderDispatch.java:33)
	at org.gradle.internal.dispatch.ProxyDispatchAdapter$DispatchingInvocationHandler.invoke(ProxyDispatchAdapter.java:94)
	at jdk.proxy2/jdk.proxy2.$Proxy5.stop(Unknown Source)
	at org.gradle.api.internal.tasks.testing.worker.TestWorker$3.run(TestWorker.java:193)
	at org.gradle.api.internal.tasks.testing.worker.TestWorker.executeAndMaintainThreadName(TestWorker.java:129)
	at org.gradle.api.internal.tasks.testing.worker.TestWorker.execute(TestWorker.java:100)
	at org.gradle.api.internal.tasks.testing.worker.TestWorker.execute(TestWorker.java:60)
	at org.gradle.process.internal.worker.child.ActionExecutionWorker.execute(ActionExecutionWorker.java:56)
	at org.gradle.process.internal.worker.child.SystemApplicationClassLoaderWorker.call(SystemApplicationClassLoaderWorker.java:113)
	at org.gradle.process.internal.worker.child.SystemApplicationClassLoaderWorker.call(SystemApplicationClassLoaderWorker.java:65)
	at worker.org.gradle.process.internal.worker.GradleWorkerMain.run(GradleWorkerMain.java:69)
	at worker.org.gradle.process.internal.worker.GradleWorkerMain.main(GradleWorkerMain.java:74)
Caused by: io.github.cdimascio.dotenv.DotenvException: Could not find /.env on the classpath
	at app//io.github.cdimascio.dotenv.internal.ClasspathHelper.loadFileFromClasspath(ClasspathHelper.java:23)
	at app//io.github.cdimascio.dotenv.internal.DotenvReader.read(DotenvReader.java:43)
	at app//io.github.cdimascio.dotenv.internal.DotenvParser.lines(DotenvParser.java:52)
	at app//io.github.cdimascio.dotenv.internal.DotenvParser.parse(DotenvParser.java:34)
	at app//io.github.cdimascio.dotenv.DotenvBuilder.load(DotenvBuilder.java:77)
	at app//io.github.cdimascio.dotenv.Dotenv.load(Dotenv.java:33)
	at app//tributary.TributaryAdminTest.&lt;clinit&gt;(TributaryAdminTest.java:26)
	... 87 more
	Suppressed: io.github.cdimascio.dotenv.DotenvException: Could not find ./.env on the file system (working directory: /Users/biswas.simk/Desktop/GitHub Personal Projects for Resume/kaflow/app)
		at app//io.github.cdimascio.dotenv.internal.DotenvReader.read(DotenvReader.java:48)
		... 92 more
</failure>
  </testcase>
  <testcase name="testAdminAccessControlVerification()" classname="tributary.TributaryAdminTest" time="0.0">
    <failure message="java.lang.NoClassDefFoundError: Could not initialize class tributary.TributaryAdminTest" type="java.lang.NoClassDefFoundError">java.lang.NoClassDefFoundError: Could not initialize class tributary.TributaryAdminTest
	at java.base/jdk.internal.reflect.NativeConstructorAccessorImpl.newInstance0(Native Method)
	at java.base/jdk.internal.reflect.NativeConstructorAccessorImpl.newInstance(NativeConstructorAccessorImpl.java:77)
	at java.base/jdk.internal.reflect.DelegatingConstructorAccessorImpl.newInstance(DelegatingConstructorAccessorImpl.java:45)
	at java.base/java.lang.reflect.Constructor.newInstanceWithCaller(Constructor.java:500)
	at java.base/java.lang.reflect.Constructor.newInstance(Constructor.java:481)
	at org.junit.platform.commons.util.ReflectionUtils.newInstance(ReflectionUtils.java:552)
	at org.junit.jupiter.engine.execution.ConstructorInvocation.proceed(ConstructorInvocation.java:56)
	at org.junit.jupiter.engine.execution.InvocationInterceptorChain$ValidatingInvocation.proceed(InvocationInterceptorChain.java:131)
	at org.junit.jupiter.api.extension.InvocationInterceptor.interceptTestClassConstructor(InvocationInterceptor.java:73)
	at org.junit.jupiter.engine.execution.InterceptingExecutableInvoker.lambda$invoke$0(InterceptingExecutableInvoker.java:93)
	at org.junit.jupiter.engine.execution.InvocationInterceptorChain$InterceptedInvocation.proceed(InvocationInterceptorChain.java:106)
	at org.junit.jupiter.engine.execution.InvocationInterceptorChain.proceed(InvocationInterceptorChain.java:64)
	at org.junit.jupiter.engine.execution.InvocationInterceptorChain.chainAndInvoke(InvocationInterceptorChain.java:45)
	at org.junit.jupiter.engine.execution.InvocationInterceptorChain.invoke(InvocationInterceptorChain.java:37)
	at org.junit.jupiter.engine.execution.InterceptingExecutableInvoker.invoke(InterceptingExecutableInvoker.java:92)
	at org.junit.jupiter.engine.execution.InterceptingExecutableInvoker.invoke(InterceptingExecutableInvoker.java:62)
	at org.junit.jupiter.engine.descriptor.ClassBasedTestDescriptor.invokeTestClassConstructor(ClassBasedTestDescriptor.java:363)
	at org.junit.jupiter.engine.descriptor.ClassBasedTestDescriptor.instantiateTestClass(ClassBasedTestDescriptor.java:310)
	at org.junit.jupiter.engine.descriptor.ClassTestDescriptor.instantiateTestClass(ClassTestDescriptor.java:79)
	at org.junit.jupiter.engine.descriptor.ClassBasedTestDescriptor.instantiateAndPostProcessTestInstance(ClassBasedTestDescriptor.java:286)
	at org.junit.jupiter.engine.descriptor.ClassBasedTestDescriptor.lambda$testInstancesProvider$4(ClassBasedTestDescriptor.java:278)
	at java.base/java.util.Optional.orElseGet(Optional.java:364)
	at org.junit.jupiter.engine.descriptor.ClassBasedTestDescriptor.lambda$testInstancesProvider$5(ClassBasedTestDescriptor.java:277)
	at org.junit.jupiter.engine.execution.TestInstancesProvider.getTestInstances(TestInstancesProvider.java:31)
	at org.junit.jupiter.engine.descriptor.TestMethodTestDescriptor.lambda$prepare$0(TestMethodTestDescriptor.java:105)
	at org.junit.platform.engine.support.hierarchical.ThrowableCollector.execute(ThrowableCollector.java:73)
	at org.junit.jupiter.engine.descriptor.TestMethodTestDescriptor.prepare(TestMethodTestDescriptor.java:104)
	at org.junit.jupiter.engine.descriptor.TestMethodTestDescriptor.prepare(TestMethodTestDescriptor.java:68)
	at org.junit.platform.engine.support.hierarchical.NodeTestTask.lambda$prepare$2(NodeTestTask.java:123)
	at org.junit.platform.engine.support.hierarchical.ThrowableCollector.execute(ThrowableCollector.java:73)
	at org.junit.platform.engine.support.hierarchical.NodeTestTask.prepare(NodeTestTask.java:123)
	at org.junit.platform.engine.support.hierarchical.NodeTestTask.execute(NodeTestTask.java:90)
	at java.base/java.util.ArrayList.forEach(ArrayList.java:1511)
	at org.junit.platform.engine.support.hierarchical.SameThreadHierarchicalTestExecutorService.invokeAll(SameThreadHierarchicalTestExecutorService.java:41)
	at org.junit.platform.engine.support.hierarchical.NodeTestTask.lambda$executeRecursively$6(NodeTestTask.java:155)
	at org.junit.platform.engine.support.hierarchical.ThrowableCollector.execute(ThrowableCollector.java:73)
	at org.junit.platform.engine.support.hierarchical.NodeTestTask.lambda$executeRecursively$8(NodeTestTask.java:141)
	at org.junit.platform.engine.support.hierarchical.Node.around(Node.java:137)
	at org.junit.platform.engine.support.hierarchical.NodeTestTask.lambda$executeRecursively$9(NodeTestTask.java:139)
	at org.junit.platform.engine.support.hierarchical.ThrowableCollector.execute(ThrowableCollector.java:73)
	at org.junit.platform.engine.support.hierarchical.NodeTestTask.executeRecursively(NodeTestTask.java:138)
	at org.junit.platform.engine.support.hierarchical.NodeTestTask.execute(NodeTestTask.java:95)
	at java.base/java.util.ArrayList.forEach(ArrayList.java:1511)
	at org.junit.platform.engine.support.hierarchical.SameThreadHierarchicalTestExecutorService.invokeAll(SameThreadHierarchicalTestExecutorService.java:41)
	at org.junit.platform.engine.support.hierarchical.NodeTestTask.lambda$executeRecursively$6(NodeTestTask.java:155)
	at org.junit.platform.engine.support.hierarchical.ThrowableCollector.execute(ThrowableCollector.java:73)
	at org.junit.platform.engine.support.hierarchical.NodeTestTask.lambda$executeRecursively$8(NodeTestTask.java:141)
	at org.junit.platform.engine.support.hierarchical.Node.around(Node.java:137)
	at org.junit.platform.engine.support.hierarchical.NodeTestTask.lambda$executeRecursively$9(NodeTestTask.java:139)
	at org.junit.platform.engine.support.hierarchical.ThrowableCollector.execute(ThrowableCollector.java:73)
	at org.junit.platform.engine.support.hierarchical.NodeTestTask.executeRecursively(NodeTestTask.java:138)
	at org.junit.platform.engine.support.hierarchical.NodeTestTask.execute(NodeTestTask.java:95)
	at org.junit.platform.engine.support.hierarchical.SameThreadHierarchicalTestExecutorService.submit(SameThreadHierarchicalTestExecutorService.java:35)
	at org.junit.platform.engine.support.hierarchical.HierarchicalTestExecutor.execute(HierarchicalTestExecutor.java:57)
	at org.junit.platform.engine.support.hierarchical.HierarchicalTestEngine.execute(HierarchicalTestEngine.java:54)
	at org.junit.platform.launcher.core.EngineExecutionOrchestrator.execute(EngineExecutionOrchestrator.java:147)
	at org.junit.platform.launcher.core.EngineExecutionOrchestrator.execute(EngineExecutionOrchestrator.java:127)
	at org.junit.platform.launcher.core.EngineExecutionOrchestrator.execute(EngineExecutionOrchestrator.java:90)
	at org.junit.platform.launcher.core.EngineExecutionOrchestrator.lambda$execute$0(EngineExecutionOrchestrator.java:55)
	at org.junit.platform.launcher.core.EngineExecutionOrchestrator.withInterceptedStreams(EngineExecutionOrchestrator.java:102)
	at org.junit.platform.launcher.core.EngineExecutionOrchestrator.execute(EngineExecutionOrchestrator.java:54)
	at org.junit.platform.launcher.core.DefaultLauncher.execute(DefaultLauncher.java:114)
	at org.junit.platform.launcher.core.DefaultLauncher.execute(DefaultLauncher.java:86)
	at org.junit.platform.launcher.core.DefaultLauncherSession$DelegatingLauncher.execute(DefaultLauncherSession.java:86)
	at org.junit.platform.launcher.core.SessionPerRequestLauncher.execute(SessionPerRequestLauncher.java:53)
	at org.gradle.api.internal.tasks.testing.junitplatform.JUnitPlatformTestClassProcessor$CollectAllTestClassesExecutor.processAllTestClasses(JUnitPlatformTestClassProcessor.java:99)
	at org.gradle.api.internal.tasks.testing.junitplatform.JUnitPlatformTestClassProcessor$CollectAllTestClassesExecutor.access$000(JUnitPlatformTestClassProcessor.java:79)
	at org.gradle.api.internal.tasks.testing.junitplatform.JUnitPlatformTestClassProcessor.stop(JUnitPlatformTestClassProcessor.java:75)
	at org.gradle.api.internal.tasks.testing.SuiteTestClassProcessor.stop(SuiteTestClassProcessor.java:62)
	at java.base/jdk.internal.reflect.NativeMethodAccessorImpl.invoke0(Native Method)
	at java.base/jdk.internal.reflect.NativeMethodAccessorImpl.invoke(NativeMethodAccessorImpl.java:77)
	at java.base/jdk.internal.reflect.DelegatingMethodAccessorImpl.invoke(DelegatingMethodAccessorImpl.java:43)
	at java.base/java.lang.reflect.Method.invoke(Method.java:569)
	at org.gradle.internal.dispatch.ReflectionDispatch.dispatch(ReflectionDispatch.java:36)
	at org.gradle.internal.dispatch.ReflectionDispatch.dispatch(ReflectionDispatch.java:24)
	at org.gradle.internal.dispatch.ContextClassLoaderDispatch.dispatch(ContextClassLoaderDispatch.java:33)
	at org.gradle.internal.dispatch.ProxyDispatchAdapter$DispatchingInvocationHandler.invoke(ProxyDispatchAdapter.java:94)
	at jdk.proxy2/jdk.proxy2.$Proxy5.stop(Unknown Source)
	at org.gradle.api.internal.tasks.testing.worker.TestWorker$3.run(TestWorker.java:193)
	at org.gradle.api.internal.tasks.testing.worker.TestWorker.executeAndMaintainThreadName(TestWorker.java:129)
	at org.gradle.api.internal.tasks.testing.worker.TestWorker.execute(TestWorker.java:100)
	at org.gradle.api.internal.tasks.testing.worker.TestWorker.execute(TestWorker.java:60)
	at org.gradle.process.internal.worker.child.ActionExecutionWorker.execute(ActionExecutionWorker.java:56)
	at org.gradle.process.internal.worker.child.SystemApplicationClassLoaderWorker.call(SystemApplicationClassLoaderWorker.java:113)
	at org.gradle.process.internal.worker.child.SystemApplicationClassLoaderWorker.call(SystemApplicationClassLoaderWorker.java:65)
	at worker.org.gradle.process.internal.worker.GradleWorkerMain.run(GradleWorkerMain.java:69)
	at worker.org.gradle.process.internal.worker.GradleWorkerMain.main(GradleWorkerMain.java:74)
Caused by: java.lang.ExceptionInInitializerError: Exception io.github.cdimascio.dotenv.DotenvException: Could not find /.env on the classpath [in thread &quot;Test worker&quot;]
	at io.github.cdimascio.dotenv.internal.ClasspathHelper.loadFileFromClasspath(ClasspathHelper.java:23)
	at io.github.cdimascio.dotenv.internal.DotenvReader.read(DotenvReader.java:43)
	at io.github.cdimascio.dotenv.internal.DotenvParser.lines(DotenvParser.java:52)
	at io.github.cdimascio.dotenv.internal.DotenvParser.parse(DotenvParser.java:34)
	at io.github.cdimascio.dotenv.DotenvBuilder.load(DotenvBuilder.java:77)
	at io.github.cdimascio.dotenv.Dotenv.load(Dotenv.java:33)
	at tributary.TributaryAdminTest.&lt;clinit&gt;(TributaryAdminTest.java:26)
	... 87 more
</failure>
  </testcase>
  <testcase name="testRebalanceAfterAdminChange()" classname="tributary.TributaryAdminTest" time="0.002">
    <failure message="java.lang.NoClassDefFoundError: Could not initialize class tributary.TributaryAdminTest" type="java.lang.NoClassDefFoundError">java.lang.NoClassDefFoundError: Could not initialize class tributary.TributaryAdminTest
	at java.base/jdk.internal.reflect.NativeConstructorAccessorImpl.newInstance0(Native Method)
	at java.base/jdk.internal.reflect.NativeConstructorAccessorImpl.newInstance(NativeConstructorAccessorImpl.java:77)
	at java.base/jdk.internal.reflect.DelegatingConstructorAccessorImpl.newInstance(DelegatingConstructorAccessorImpl.java:45)
	at java.base/java.lang.reflect.Constructor.newInstanceWithCaller(Constructor.java:500)
	at java.base/java.lang.reflect.Constructor.newInstance(Constructor.java:481)
	at org.junit.platform.commons.util.ReflectionUtils.newInstance(ReflectionUtils.java:552)
	at org.junit.jupiter.engine.execution.ConstructorInvocation.proceed(ConstructorInvocation.java:56)
	at org.junit.jupiter.engine.execution.InvocationInterceptorChain$ValidatingInvocation.proceed(InvocationInterceptorChain.java:131)
	at org.junit.jupiter.api.extension.InvocationInterceptor.interceptTestClassConstructor(InvocationInterceptor.java:73)
	at org.junit.jupiter.engine.execution.InterceptingExecutableInvoker.lambda$invoke$0(InterceptingExecutableInvoker.java:93)
	at org.junit.jupiter.engine.execution.InvocationInterceptorChain$InterceptedInvocation.proceed(InvocationInterceptorChain.java:106)
	at org.junit.jupiter.engine.execution.InvocationInterceptorChain.proceed(InvocationInterceptorChain.java:64)
	at org.junit.jupiter.engine.execution.InvocationInterceptorChain.chainAndInvoke(InvocationInterceptorChain.java:45)
	at org.junit.jupiter.engine.execution.InvocationInterceptorChain.invoke(InvocationInterceptorChain.java:37)
	at org.junit.jupiter.engine.execution.InterceptingExecutableInvoker.invoke(InterceptingExecutableInvoker.java:92)
	at org.junit.jupiter.engine.execution.InterceptingExecutableInvoker.invoke(InterceptingExecutableInvoker.java:62)
	at org.junit.jupiter.engine.descriptor.ClassBasedTestDescriptor.invokeTestClassConstructor(ClassBasedTestDescriptor.java:363)
	at org.junit.jupiter.engine.descriptor.ClassBasedTestDescriptor.instantiateTestClass(ClassBasedTestDescriptor.java:310)
	at org.junit.jupiter.engine.descriptor.ClassTestDescriptor.instantiateTestClass(ClassTestDescriptor.java:79)
	at org.junit.jupiter.engine.descriptor.ClassBasedTestDescriptor.instantiateAndPostProcessTestInstance(ClassBasedTestDescriptor.java:286)
	at org.junit.jupiter.engine.descriptor.ClassBasedTestDescriptor.lambda$testInstancesProvider$4(ClassBasedTestDescriptor.java:278)
	at java.base/java.util.Optional.orElseGet(Optional.java:364)
	at org.junit.jupiter.engine.descriptor.ClassBasedTestDescriptor.lambda$testInstancesProvider$5(ClassBasedTestDescriptor.java:277)
	at org.junit.jupiter.engine.execution.TestInstancesProvider.getTestInstances(TestInstancesProvider.java:31)
	at org.junit.jupiter.engine.descriptor.TestMethodTestDescriptor.lambda$prepare$0(TestMethodTestDescriptor.java:105)
	at org.junit.platform.engine.support.hierarchical.ThrowableCollector.execute(ThrowableCollector.java:73)
	at org.junit.jupiter.engine.descriptor.TestMethodTestDescriptor.prepare(TestMethodTestDescriptor.java:104)
	at org.junit.jupiter.engine.descriptor.TestMethodTestDescriptor.prepare(TestMethodTestDescriptor.java:68)
	at org.junit.platform.engine.support.hierarchical.NodeTestTask.lambda$prepare$2(NodeTestTask.java:123)
	at org.junit.platform.engine.support.hierarchical.ThrowableCollector.execute(ThrowableCollector.java:73)
	at org.junit.platform.engine.support.hierarchical.NodeTestTask.prepare(NodeTestTask.java:123)
	at org.junit.platform.engine.support.hierarchical.NodeTestTask.execute(NodeTestTask.java:90)
	at java.base/java.util.ArrayList.forEach(ArrayList.java:1511)
	at org.junit.platform.engine.support.hierarchical.SameThreadHierarchicalTestExecutorService.invokeAll(SameThreadHierarchicalTestExecutorService.java:41)
	at org.junit.platform.engine.support.hierarchical.NodeTestTask.lambda$executeRecursively$6(NodeTestTask.java:155)
	at org.junit.platform.engine.support.hierarchical.ThrowableCollector.execute(ThrowableCollector.java:73)
	at org.junit.platform.engine.support.hierarchical.NodeTestTask.lambda$executeRecursively$8(NodeTestTask.java:141)
	at org.junit.platform.engine.support.hierarchical.Node.around(Node.java:137)
	at org.junit.platform.engine.support.hierarchical.NodeTestTask.lambda$executeRecursively$9(NodeTestTask.java:139)
	at org.junit.platform.engine.support.hierarchical.ThrowableCollector.execute(ThrowableCollector.java:73)
	at org.junit.platform.engine.support.hierarchical.NodeTestTask.executeRecursively(NodeTestTask.java:138)
	at org.junit.platform.engine.support.hierarchical.NodeTestTask.execute(NodeTestTask.java:95)
	at java.base/java.util.ArrayList.forEach(ArrayList.java:1511)
	at org.junit.platform.engine.support.hierarchical.SameThreadHierarchicalTestExecutorService.invokeAll(SameThreadHierarchicalTestExecutorService.java:41)
	at org.junit.platform.engine.support.hierarchical.NodeTestTask.lambda$executeRecursively$6(NodeTestTask.java:155)
	at org.junit.platform.engine.support.hierarchical.ThrowableCollector.execute(ThrowableCollector.java:73)
	at org.junit.platform.engine.support.hierarchical.NodeTestTask.lambda$executeRecursively$8(NodeTestTask.java:141)
	at org.junit.platform.engine.support.hierarchical.Node.around(Node.java:137)
	at org.junit.platform.engine.support.hierarchical.NodeTestTask.lambda$executeRecursively$9(NodeTestTask.java:139)
	at org.junit.platform.engine.support.hierarchical.ThrowableCollector.execute(ThrowableCollector.java:73)
	at org.junit.platform.engine.support.hierarchical.NodeTestTask.executeRecursively(NodeTestTask.java:138)
	at org.junit.platform.engine.support.hierarchical.NodeTestTask.execute(NodeTestTask.java:95)
	at org.junit.platform.engine.support.hierarchical.SameThreadHierarchicalTestExecutorService.submit(SameThreadHierarchicalTestExecutorService.java:35)
	at org.junit.platform.engine.support.hierarchical.HierarchicalTestExecutor.execute(HierarchicalTestExecutor.java:57)
	at org.junit.platform.engine.support.hierarchical.HierarchicalTestEngine.execute(HierarchicalTestEngine.java:54)
	at org.junit.platform.launcher.core.EngineExecutionOrchestrator.execute(EngineExecutionOrchestrator.java:147)
	at org.junit.platform.launcher.core.EngineExecutionOrchestrator.execute(EngineExecutionOrchestrator.java:127)
	at org.junit.platform.launcher.core.EngineExecutionOrchestrator.execute(EngineExecutionOrchestrator.java:90)
	at org.junit.platform.launcher.core.EngineExecutionOrchestrator.lambda$execute$0(EngineExecutionOrchestrator.java:55)
	at org.junit.platform.launcher.core.EngineExecutionOrchestrator.withInterceptedStreams(EngineExecutionOrchestrator.java:102)
	at org.junit.platform.launcher.core.EngineExecutionOrchestrator.execute(EngineExecutionOrchestrator.java:54)
	at org.junit.platform.launcher.core.DefaultLauncher.execute(DefaultLauncher.java:114)
	at org.junit.platform.launcher.core.DefaultLauncher.execute(DefaultLauncher.java:86)
	at org.junit.platform.launcher.core.DefaultLauncherSession$DelegatingLauncher.execute(DefaultLauncherSession.java:86)
	at org.junit.platform.launcher.core.SessionPerRequestLauncher.execute(SessionPerRequestLauncher.java:53)
	at org.gradle.api.internal.tasks.testing.junitplatform.JUnitPlatformTestClassProcessor$CollectAllTestClassesExecutor.processAllTestClasses(JUnitPlatformTestClassProcessor.java:99)
	at org.gradle.api.internal.tasks.testing.junitplatform.JUnitPlatformTestClassProcessor$CollectAllTestClassesExecutor.access$000(JUnitPlatformTestClassProcessor.java:79)
	at org.gradle.api.internal.tasks.testing.junitplatform.JUnitPlatformTestClassProcessor.stop(JUnitPlatformTestClassProcessor.java:75)
	at org.gradle.api.internal.tasks.testing.SuiteTestClassProcessor.stop(SuiteTestClassProcessor.java:62)
	at java.base/jdk.internal.reflect.NativeMethodAccessorImpl.invoke0(Native Method)
	at java.base/jdk.internal.reflect.NativeMethodAccessorImpl.invoke(NativeMethodAccessorImpl.java:77)
	at java.base/jdk.internal.reflect.DelegatingMethodAccessorImpl.invoke(DelegatingMethodAccessorImpl.java:43)
	at java.base/java.lang.reflect.Method.invoke(Method.java:569)
	at org.gradle.internal.dispatch.ReflectionDispatch.dispatch(ReflectionDispatch.java:36)
	at org.gradle.internal.dispatch.ReflectionDispatch.dispatch(ReflectionDispatch.java:24)
	at org.gradle.internal.dispatch.ContextClassLoaderDispatch.dispatch(ContextClassLoaderDispatch.java:33)
	at org.gradle.internal.dispatch.ProxyDispatchAdapter$DispatchingInvocationHandler.invoke(ProxyDispatchAdapter.java:94)
	at jdk.proxy2/jdk.proxy2.$Proxy5.stop(Unknown Source)
	at org.gradle.api.internal.tasks.testing.worker.TestWorker$3.run(TestWorker.java:193)
	at org.gradle.api.internal.tasks.testing.worker.TestWorker.executeAndMaintainThreadName(TestWorker.java:129)
	at org.gradle.api.internal.tasks.testing.worker.TestWorker.execute(TestWorker.java:100)
	at org.gradle.api.internal.tasks.testing.worker.TestWorker.execute(TestWorker.java:60)
	at org.gradle.process.internal.worker.child.ActionExecutionWorker.execute(ActionExecutionWorker.java:56)
	at org.gradle.process.internal.worker.child.SystemApplicationClassLoaderWorker.call(SystemApplicationClassLoaderWorker.java:113)
	at org.gradle.process.internal.worker.child.SystemApplicationClassLoaderWorker.call(SystemApplicationClassLoaderWorker.java:65)
	at worker.org.gradle.process.internal.worker.GradleWorkerMain.run(GradleWorkerMain.java:69)
	at worker.org.gradle.process.internal.worker.GradleWorkerMain.main(GradleWorkerMain.java:74)
Caused by: java.lang.ExceptionInInitializerError: Exception io.github.cdimascio.dotenv.DotenvException: Could not find /.env on the classpath [in thread &quot;Test worker&quot;]
	at io.github.cdimascio.dotenv.internal.ClasspathHelper.loadFileFromClasspath(ClasspathHelper.java:23)
	at io.github.cdimascio.dotenv.internal.DotenvReader.read(DotenvReader.java:43)
	at io.github.cdimascio.dotenv.internal.DotenvParser.lines(DotenvParser.java:52)
	at io.github.cdimascio.dotenv.internal.DotenvParser.parse(DotenvParser.java:34)
	at io.github.cdimascio.dotenv.DotenvBuilder.load(DotenvBuilder.java:77)
	at io.github.cdimascio.dotenv.Dotenv.load(Dotenv.java:33)
	at tributary.TributaryAdminTest.&lt;clinit&gt;(TributaryAdminTest.java:26)
	... 87 more
</failure>
  </testcase>
  <testcase name="testAdminProductionAndConsumption()" classname="tributary.TributaryAdminTest" time="0.0">
    <failure message="java.lang.NoClassDefFoundError: Could not initialize class tributary.TributaryAdminTest" type="java.lang.NoClassDefFoundError">java.lang.NoClassDefFoundError: Could not initialize class tributary.TributaryAdminTest
	at java.base/jdk.internal.reflect.NativeConstructorAccessorImpl.newInstance0(Native Method)
	at java.base/jdk.internal.reflect.NativeConstructorAccessorImpl.newInstance(NativeConstructorAccessorImpl.java:77)
	at java.base/jdk.internal.reflect.DelegatingConstructorAccessorImpl.newInstance(DelegatingConstructorAccessorImpl.java:45)
	at java.base/java.lang.reflect.Constructor.newInstanceWithCaller(Constructor.java:500)
	at java.base/java.lang.reflect.Constructor.newInstance(Constructor.java:481)
	at org.junit.platform.commons.util.ReflectionUtils.newInstance(ReflectionUtils.java:552)
	at org.junit.jupiter.engine.execution.ConstructorInvocation.proceed(ConstructorInvocation.java:56)
	at org.junit.jupiter.engine.execution.InvocationInterceptorChain$ValidatingInvocation.proceed(InvocationInterceptorChain.java:131)
	at org.junit.jupiter.api.extension.InvocationInterceptor.interceptTestClassConstructor(InvocationInterceptor.java:73)
	at org.junit.jupiter.engine.execution.InterceptingExecutableInvoker.lambda$invoke$0(InterceptingExecutableInvoker.java:93)
	at org.junit.jupiter.engine.execution.InvocationInterceptorChain$InterceptedInvocation.proceed(InvocationInterceptorChain.java:106)
	at org.junit.jupiter.engine.execution.InvocationInterceptorChain.proceed(InvocationInterceptorChain.java:64)
	at org.junit.jupiter.engine.execution.InvocationInterceptorChain.chainAndInvoke(InvocationInterceptorChain.java:45)
	at org.junit.jupiter.engine.execution.InvocationInterceptorChain.invoke(InvocationInterceptorChain.java:37)
	at org.junit.jupiter.engine.execution.InterceptingExecutableInvoker.invoke(InterceptingExecutableInvoker.java:92)
	at org.junit.jupiter.engine.execution.InterceptingExecutableInvoker.invoke(InterceptingExecutableInvoker.java:62)
	at org.junit.jupiter.engine.descriptor.ClassBasedTestDescriptor.invokeTestClassConstructor(ClassBasedTestDescriptor.java:363)
	at org.junit.jupiter.engine.descriptor.ClassBasedTestDescriptor.instantiateTestClass(ClassBasedTestDescriptor.java:310)
	at org.junit.jupiter.engine.descriptor.ClassTestDescriptor.instantiateTestClass(ClassTestDescriptor.java:79)
	at org.junit.jupiter.engine.descriptor.ClassBasedTestDescriptor.instantiateAndPostProcessTestInstance(ClassBasedTestDescriptor.java:286)
	at org.junit.jupiter.engine.descriptor.ClassBasedTestDescriptor.lambda$testInstancesProvider$4(ClassBasedTestDescriptor.java:278)
	at java.base/java.util.Optional.orElseGet(Optional.java:364)
	at org.junit.jupiter.engine.descriptor.ClassBasedTestDescriptor.lambda$testInstancesProvider$5(ClassBasedTestDescriptor.java:277)
	at org.junit.jupiter.engine.execution.TestInstancesProvider.getTestInstances(TestInstancesProvider.java:31)
	at org.junit.jupiter.engine.descriptor.TestMethodTestDescriptor.lambda$prepare$0(TestMethodTestDescriptor.java:105)
	at org.junit.platform.engine.support.hierarchical.ThrowableCollector.execute(ThrowableCollector.java:73)
	at org.junit.jupiter.engine.descriptor.TestMethodTestDescriptor.prepare(TestMethodTestDescriptor.java:104)
	at org.junit.jupiter.engine.descriptor.TestMethodTestDescriptor.prepare(TestMethodTestDescriptor.java:68)
	at org.junit.platform.engine.support.hierarchical.NodeTestTask.lambda$prepare$2(NodeTestTask.java:123)
	at org.junit.platform.engine.support.hierarchical.ThrowableCollector.execute(ThrowableCollector.java:73)
	at org.junit.platform.engine.support.hierarchical.NodeTestTask.prepare(NodeTestTask.java:123)
	at org.junit.platform.engine.support.hierarchical.NodeTestTask.execute(NodeTestTask.java:90)
	at java.base/java.util.ArrayList.forEach(ArrayList.java:1511)
	at org.junit.platform.engine.support.hierarchical.SameThreadHierarchicalTestExecutorService.invokeAll(SameThreadHierarchicalTestExecutorService.java:41)
	at org.junit.platform.engine.support.hierarchical.NodeTestTask.lambda$executeRecursively$6(NodeTestTask.java:155)
	at org.junit.platform.engine.support.hierarchical.ThrowableCollector.execute(ThrowableCollector.java:73)
	at org.junit.platform.engine.support.hierarchical.NodeTestTask.lambda$executeRecursively$8(NodeTestTask.java:141)
	at org.junit.platform.engine.support.hierarchical.Node.around(Node.java:137)
	at org.junit.platform.engine.support.hierarchical.NodeTestTask.lambda$executeRecursively$9(NodeTestTask.java:139)
	at org.junit.platform.engine.support.hierarchical.ThrowableCollector.execute(ThrowableCollector.java:73)
	at org.junit.platform.engine.support.hierarchical.NodeTestTask.executeRecursively(NodeTestTask.java:138)
	at org.junit.platform.engine.support.hierarchical.NodeTestTask.execute(NodeTestTask.java:95)
	at java.base/java.util.ArrayList.forEach(ArrayList.java:1511)
	at org.junit.platform.engine.support.hierarchical.SameThreadHierarchicalTestExecutorService.invokeAll(SameThreadHierarchicalTestExecutorService.java:41)
	at org.junit.platform.engine.support.hierarchical.NodeTestTask.lambda$executeRecursively$6(NodeTestTask.java:155)
	at org.junit.platform.engine.support.hierarchical.ThrowableCollector.execute(ThrowableCollector.java:73)
	at org.junit.platform.engine.support.hierarchical.NodeTestTask.lambda$executeRecursively$8(NodeTestTask.java:141)
	at org.junit.platform.engine.support.hierarchical.Node.around(Node.java:137)
	at org.junit.platform.engine.support.hierarchical.NodeTestTask.lambda$executeRecursively$9(NodeTestTask.java:139)
	at org.junit.platform.engine.support.hierarchical.ThrowableCollector.execute(ThrowableCollector.java:73)
	at org.junit.platform.engine.support.hierarchical.NodeTestTask.executeRecursively(NodeTestTask.java:138)
	at org.junit.platform.engine.support.hierarchical.NodeTestTask.execute(NodeTestTask.java:95)
	at org.junit.platform.engine.support.hierarchical.SameThreadHierarchicalTestExecutorService.submit(SameThreadHierarchicalTestExecutorService.java:35)
	at org.junit.platform.engine.support.hierarchical.HierarchicalTestExecutor.execute(HierarchicalTestExecutor.java:57)
	at org.junit.platform.engine.support.hierarchical.HierarchicalTestEngine.execute(HierarchicalTestEngine.java:54)
	at org.junit.platform.launcher.core.EngineExecutionOrchestrator.execute(EngineExecutionOrchestrator.java:147)
	at org.junit.platform.launcher.core.EngineExecutionOrchestrator.execute(EngineExecutionOrchestrator.java:127)
	at org.junit.platform.launcher.core.EngineExecutionOrchestrator.execute(EngineExecutionOrchestrator.java:90)
	at org.junit.platform.launcher.core.EngineExecutionOrchestrator.lambda$execute$0(EngineExecutionOrchestrator.java:55)
	at org.junit.platform.launcher.core.EngineExecutionOrchestrator.withInterceptedStreams(EngineExecutionOrchestrator.java:102)
	at org.junit.platform.launcher.core.EngineExecutionOrchestrator.execute(EngineExecutionOrchestrator.java:54)
	at org.junit.platform.launcher.core.DefaultLauncher.execute(DefaultLauncher.java:114)
	at org.junit.platform.launcher.core.DefaultLauncher.execute(DefaultLauncher.java:86)
	at org.junit.platform.launcher.core.DefaultLauncherSession$DelegatingLauncher.execute(DefaultLauncherSession.java:86)
	at org.junit.platform.launcher.core.SessionPerRequestLauncher.execute(SessionPerRequestLauncher.java:53)
	at org.gradle.api.internal.tasks.testing.junitplatform.JUnitPlatformTestClassProcessor$CollectAllTestClassesExecutor.processAllTestClasses(JUnitPlatformTestClassProcessor.java:99)
	at org.gradle.api.internal.tasks.testing.junitplatform.JUnitPlatformTestClassProcessor$CollectAllTestClassesExecutor.access$000(JUnitPlatformTestClassProcessor.java:79)
	at org.gradle.api.internal.tasks.testing.junitplatform.JUnitPlatformTestClassProcessor.stop(JUnitPlatformTestClassProcessor.java:75)
	at org.gradle.api.internal.tasks.testing.SuiteTestClassProcessor.stop(SuiteTestClassProcessor.java:62)
	at java.base/jdk.internal.reflect.NativeMethodAccessorImpl.invoke0(Native Method)
	at java.base/jdk.internal.reflect.NativeMethodAccessorImpl.invoke(NativeMethodAccessorImpl.java:77)
	at java.base/jdk.internal.reflect.DelegatingMethodAccessorImpl.invoke(DelegatingMethodAccessorImpl.java:43)
	at java.base/java.lang.reflect.Method.invoke(Method.java:569)
	at org.gradle.internal.dispatch.ReflectionDispatch.dispatch(ReflectionDispatch.java:36)
	at org.gradle.internal.dispatch.ReflectionDispatch.dispatch(ReflectionDispatch.java:24)
	at org.gradle.internal.dispatch.ContextClassLoaderDispatch.dispatch(ContextClassLoaderDispatch.java:33)
	at org.gradle.internal.dispatch.ProxyDispatchAdapter$DispatchingInvocationHandler.invoke(ProxyDispatchAdapter.java:94)
	at jdk.proxy2/jdk.proxy2.$Proxy5.stop(Unknown Source)
	at org.gradle.api.internal.tasks.testing.worker.TestWorker$3.run(TestWorker.java:193)
	at org.gradle.api.internal.tasks.testing.worker.TestWorker.executeAndMaintainThreadName(TestWorker.java:129)
	at org.gradle.api.internal.tasks.testing.worker.TestWorker.execute(TestWorker.java:100)
	at org.gradle.api.internal.tasks.testing.worker.TestWorker.execute(TestWorker.java:60)
	at org.gradle.process.internal.worker.child.ActionExecutionWorker.execute(ActionExecutionWorker.java:56)
	at org.gradle.process.internal.worker.child.SystemApplicationClassLoaderWorker.call(SystemApplicationClassLoaderWorker.java:113)
	at org.gradle.process.internal.worker.child.SystemApplicationClassLoaderWorker.call(SystemApplicationClassLoaderWorker.java:65)
	at worker.org.gradle.process.internal.worker.GradleWorkerMain.run(GradleWorkerMain.java:69)
	at worker.org.gradle.process.internal.worker.GradleWorkerMain.main(GradleWorkerMain.java:74)
Caused by: java.lang.ExceptionInInitializerError: Exception io.github.cdimascio.dotenv.DotenvException: Could not find /.env on the classpath [in thread &quot;Test worker&quot;]
	at io.github.cdimascio.dotenv.internal.ClasspathHelper.loadFileFromClasspath(ClasspathHelper.java:23)
	at io.github.cdimascio.dotenv.internal.DotenvReader.read(DotenvReader.java:43)
	at io.github.cdimascio.dotenv.internal.DotenvParser.lines(DotenvParser.java:52)
	at io.github.cdimascio.dotenv.internal.DotenvParser.parse(DotenvParser.java:34)
	at io.github.cdimascio.dotenv.DotenvBuilder.load(DotenvBuilder.java:77)
	at io.github.cdimascio.dotenv.Dotenv.load(Dotenv.java:33)
	at tributary.TributaryAdminTest.&lt;clinit&gt;(TributaryAdminTest.java:26)
	... 87 more
</failure>
  </testcase>
  <testcase name="testRevokeAdminPermissionsOnChange()" classname="tributary.TributaryAdminTest" time="0.001">
    <failure message="java.lang.NoClassDefFoundError: Could not initialize class tributary.TributaryAdminTest" type="java.lang.NoClassDefFoundError">java.lang.NoClassDefFoundError: Could not initialize class tributary.TributaryAdminTest
	at java.base/jdk.internal.reflect.NativeConstructorAccessorImpl.newInstance0(Native Method)
	at java.base/jdk.internal.reflect.NativeConstructorAccessorImpl.newInstance(NativeConstructorAccessorImpl.java:77)
	at java.base/jdk.internal.reflect.DelegatingConstructorAccessorImpl.newInstance(DelegatingConstructorAccessorImpl.java:45)
	at java.base/java.lang.reflect.Constructor.newInstanceWithCaller(Constructor.java:500)
	at java.base/java.lang.reflect.Constructor.newInstance(Constructor.java:481)
	at org.junit.platform.commons.util.ReflectionUtils.newInstance(ReflectionUtils.java:552)
	at org.junit.jupiter.engine.execution.ConstructorInvocation.proceed(ConstructorInvocation.java:56)
	at org.junit.jupiter.engine.execution.InvocationInterceptorChain$ValidatingInvocation.proceed(InvocationInterceptorChain.java:131)
	at org.junit.jupiter.api.extension.InvocationInterceptor.interceptTestClassConstructor(InvocationInterceptor.java:73)
	at org.junit.jupiter.engine.execution.InterceptingExecutableInvoker.lambda$invoke$0(InterceptingExecutableInvoker.java:93)
	at org.junit.jupiter.engine.execution.InvocationInterceptorChain$InterceptedInvocation.proceed(InvocationInterceptorChain.java:106)
	at org.junit.jupiter.engine.execution.InvocationInterceptorChain.proceed(InvocationInterceptorChain.java:64)
	at org.junit.jupiter.engine.execution.InvocationInterceptorChain.chainAndInvoke(InvocationInterceptorChain.java:45)
	at org.junit.jupiter.engine.execution.InvocationInterceptorChain.invoke(InvocationInterceptorChain.java:37)
	at org.junit.jupiter.engine.execution.InterceptingExecutableInvoker.invoke(InterceptingExecutableInvoker.java:92)
	at org.junit.jupiter.engine.execution.InterceptingExecutableInvoker.invoke(InterceptingExecutableInvoker.java:62)
	at org.junit.jupiter.engine.descriptor.ClassBasedTestDescriptor.invokeTestClassConstructor(ClassBasedTestDescriptor.java:363)
	at org.junit.jupiter.engine.descriptor.ClassBasedTestDescriptor.instantiateTestClass(ClassBasedTestDescriptor.java:310)
	at org.junit.jupiter.engine.descriptor.ClassTestDescriptor.instantiateTestClass(ClassTestDescriptor.java:79)
	at org.junit.jupiter.engine.descriptor.ClassBasedTestDescriptor.instantiateAndPostProcessTestInstance(ClassBasedTestDescriptor.java:286)
	at org.junit.jupiter.engine.descriptor.ClassBasedTestDescriptor.lambda$testInstancesProvider$4(ClassBasedTestDescriptor.java:278)
	at java.base/java.util.Optional.orElseGet(Optional.java:364)
	at org.junit.jupiter.engine.descriptor.ClassBasedTestDescriptor.lambda$testInstancesProvider$5(ClassBasedTestDescriptor.java:277)
	at org.junit.jupiter.engine.execution.TestInstancesProvider.getTestInstances(TestInstancesProvider.java:31)
	at org.junit.jupiter.engine.descriptor.TestMethodTestDescriptor.lambda$prepare$0(TestMethodTestDescriptor.java:105)
	at org.junit.platform.engine.support.hierarchical.ThrowableCollector.execute(ThrowableCollector.java:73)
	at org.junit.jupiter.engine.descriptor.TestMethodTestDescriptor.prepare(TestMethodTestDescriptor.java:104)
	at org.junit.jupiter.engine.descriptor.TestMethodTestDescriptor.prepare(TestMethodTestDescriptor.java:68)
	at org.junit.platform.engine.support.hierarchical.NodeTestTask.lambda$prepare$2(NodeTestTask.java:123)
	at org.junit.platform.engine.support.hierarchical.ThrowableCollector.execute(ThrowableCollector.java:73)
	at org.junit.platform.engine.support.hierarchical.NodeTestTask.prepare(NodeTestTask.java:123)
	at org.junit.platform.engine.support.hierarchical.NodeTestTask.execute(NodeTestTask.java:90)
	at java.base/java.util.ArrayList.forEach(ArrayList.java:1511)
	at org.junit.platform.engine.support.hierarchical.SameThreadHierarchicalTestExecutorService.invokeAll(SameThreadHierarchicalTestExecutorService.java:41)
	at org.junit.platform.engine.support.hierarchical.NodeTestTask.lambda$executeRecursively$6(NodeTestTask.java:155)
	at org.junit.platform.engine.support.hierarchical.ThrowableCollector.execute(ThrowableCollector.java:73)
	at org.junit.platform.engine.support.hierarchical.NodeTestTask.lambda$executeRecursively$8(NodeTestTask.java:141)
	at org.junit.platform.engine.support.hierarchical.Node.around(Node.java:137)
	at org.junit.platform.engine.support.hierarchical.NodeTestTask.lambda$executeRecursively$9(NodeTestTask.java:139)
	at org.junit.platform.engine.support.hierarchical.ThrowableCollector.execute(ThrowableCollector.java:73)
	at org.junit.platform.engine.support.hierarchical.NodeTestTask.executeRecursively(NodeTestTask.java:138)
	at org.junit.platform.engine.support.hierarchical.NodeTestTask.execute(NodeTestTask.java:95)
	at java.base/java.util.ArrayList.forEach(ArrayList.java:1511)
	at org.junit.platform.engine.support.hierarchical.SameThreadHierarchicalTestExecutorService.invokeAll(SameThreadHierarchicalTestExecutorService.java:41)
	at org.junit.platform.engine.support.hierarchical.NodeTestTask.lambda$executeRecursively$6(NodeTestTask.java:155)
	at org.junit.platform.engine.support.hierarchical.ThrowableCollector.execute(ThrowableCollector.java:73)
	at org.junit.platform.engine.support.hierarchical.NodeTestTask.lambda$executeRecursively$8(NodeTestTask.java:141)
	at org.junit.platform.engine.support.hierarchical.Node.around(Node.java:137)
	at org.junit.platform.engine.support.hierarchical.NodeTestTask.lambda$executeRecursively$9(NodeTestTask.java:139)
	at org.junit.platform.engine.support.hierarchical.ThrowableCollector.execute(ThrowableCollector.java:73)
	at org.junit.platform.engine.support.hierarchical.NodeTestTask.executeRecursively(NodeTestTask.java:138)
	at org.junit.platform.engine.support.hierarchical.NodeTestTask.execute(NodeTestTask.java:95)
	at org.junit.platform.engine.support.hierarchical.SameThreadHierarchicalTestExecutorService.submit(SameThreadHierarchicalTestExecutorService.java:35)
	at org.junit.platform.engine.support.hierarchical.HierarchicalTestExecutor.execute(HierarchicalTestExecutor.java:57)
	at org.junit.platform.engine.support.hierarchical.HierarchicalTestEngine.execute(HierarchicalTestEngine.java:54)
	at org.junit.platform.launcher.core.EngineExecutionOrchestrator.execute(EngineExecutionOrchestrator.java:147)
	at org.junit.platform.launcher.core.EngineExecutionOrchestrator.execute(EngineExecutionOrchestrator.java:127)
	at org.junit.platform.launcher.core.EngineExecutionOrchestrator.execute(EngineExecutionOrchestrator.java:90)
	at org.junit.platform.launcher.core.EngineExecutionOrchestrator.lambda$execute$0(EngineExecutionOrchestrator.java:55)
	at org.junit.platform.launcher.core.EngineExecutionOrchestrator.withInterceptedStreams(EngineExecutionOrchestrator.java:102)
	at org.junit.platform.launcher.core.EngineExecutionOrchestrator.execute(EngineExecutionOrchestrator.java:54)
	at org.junit.platform.launcher.core.DefaultLauncher.execute(DefaultLauncher.java:114)
	at org.junit.platform.launcher.core.DefaultLauncher.execute(DefaultLauncher.java:86)
	at org.junit.platform.launcher.core.DefaultLauncherSession$DelegatingLauncher.execute(DefaultLauncherSession.java:86)
	at org.junit.platform.launcher.core.SessionPerRequestLauncher.execute(SessionPerRequestLauncher.java:53)
	at org.gradle.api.internal.tasks.testing.junitplatform.JUnitPlatformTestClassProcessor$CollectAllTestClassesExecutor.processAllTestClasses(JUnitPlatformTestClassProcessor.java:99)
	at org.gradle.api.internal.tasks.testing.junitplatform.JUnitPlatformTestClassProcessor$CollectAllTestClassesExecutor.access$000(JUnitPlatformTestClassProcessor.java:79)
	at org.gradle.api.internal.tasks.testing.junitplatform.JUnitPlatformTestClassProcessor.stop(JUnitPlatformTestClassProcessor.java:75)
	at org.gradle.api.internal.tasks.testing.SuiteTestClassProcessor.stop(SuiteTestClassProcessor.java:62)
	at java.base/jdk.internal.reflect.NativeMethodAccessorImpl.invoke0(Native Method)
	at java.base/jdk.internal.reflect.NativeMethodAccessorImpl.invoke(NativeMethodAccessorImpl.java:77)
	at java.base/jdk.internal.reflect.DelegatingMethodAccessorImpl.invoke(DelegatingMethodAccessorImpl.java:43)
	at java.base/java.lang.reflect.Method.invoke(Method.java:569)
	at org.gradle.internal.dispatch.ReflectionDispatch.dispatch(ReflectionDispatch.java:36)
	at org.gradle.internal.dispatch.ReflectionDispatch.dispatch(ReflectionDispatch.java:24)
	at org.gradle.internal.dispatch.ContextClassLoaderDispatch.dispatch(ContextClassLoaderDispatch.java:33)
	at org.gradle.internal.dispatch.ProxyDispatchAdapter$DispatchingInvocationHandler.invoke(ProxyDispatchAdapter.java:94)
	at jdk.proxy2/jdk.proxy2.$Proxy5.stop(Unknown Source)
	at org.gradle.api.internal.tasks.testing.worker.TestWorker$3.run(TestWorker.java:193)
	at org.gradle.api.internal.tasks.testing.worker.TestWorker.executeAndMaintainThreadName(TestWorker.java:129)
	at org.gradle.api.internal.tasks.testing.worker.TestWorker.execute(TestWorker.java:100)
	at org.gradle.api.internal.tasks.testing.worker.TestWorker.execute(TestWorker.java:60)
	at org.gradle.process.internal.worker.child.ActionExecutionWorker.execute(ActionExecutionWorker.java:56)
	at org.gradle.process.internal.worker.child.SystemApplicationClassLoaderWorker.call(SystemApplicationClassLoaderWorker.java:113)
	at org.gradle.process.internal.worker.child.SystemApplicationClassLoaderWorker.call(SystemApplicationClassLoaderWorker.java:65)
	at worker.org.gradle.process.internal.worker.GradleWorkerMain.run(GradleWorkerMain.java:69)
	at worker.org.gradle.process.internal.worker.GradleWorkerMain.main(GradleWorkerMain.java:74)
Caused by: java.lang.ExceptionInInitializerError: Exception io.github.cdimascio.dotenv.DotenvException: Could not find /.env on the classpath [in thread &quot;Test worker&quot;]
	at io.github.cdimascio.dotenv.internal.ClasspathHelper.loadFileFromClasspath(ClasspathHelper.java:23)
	at io.github.cdimascio.dotenv.internal.DotenvReader.read(DotenvReader.java:43)
	at io.github.cdimascio.dotenv.internal.DotenvParser.lines(DotenvParser.java:52)
	at io.github.cdimascio.dotenv.internal.DotenvParser.parse(DotenvParser.java:34)
	at io.github.cdimascio.dotenv.DotenvBuilder.load(DotenvBuilder.java:77)
	at io.github.cdimascio.dotenv.Dotenv.load(Dotenv.java:33)
	at tributary.TributaryAdminTest.&lt;clinit&gt;(TributaryAdminTest.java:26)
	... 87 more
</failure>
  </testcase>
  <testcase name="testCreateAndChangeAdmins()" classname="tributary.TributaryAdminTest" time="0.0">
    <failure message="java.lang.NoClassDefFoundError: Could not initialize class tributary.TributaryAdminTest" type="java.lang.NoClassDefFoundError">java.lang.NoClassDefFoundError: Could not initialize class tributary.TributaryAdminTest
	at java.base/jdk.internal.reflect.NativeConstructorAccessorImpl.newInstance0(Native Method)
	at java.base/jdk.internal.reflect.NativeConstructorAccessorImpl.newInstance(NativeConstructorAccessorImpl.java:77)
	at java.base/jdk.internal.reflect.DelegatingConstructorAccessorImpl.newInstance(DelegatingConstructorAccessorImpl.java:45)
	at java.base/java.lang.reflect.Constructor.newInstanceWithCaller(Constructor.java:500)
	at java.base/java.lang.reflect.Constructor.newInstance(Constructor.java:481)
	at org.junit.platform.commons.util.ReflectionUtils.newInstance(ReflectionUtils.java:552)
	at org.junit.jupiter.engine.execution.ConstructorInvocation.proceed(ConstructorInvocation.java:56)
	at org.junit.jupiter.engine.execution.InvocationInterceptorChain$ValidatingInvocation.proceed(InvocationInterceptorChain.java:131)
	at org.junit.jupiter.api.extension.InvocationInterceptor.interceptTestClassConstructor(InvocationInterceptor.java:73)
	at org.junit.jupiter.engine.execution.InterceptingExecutableInvoker.lambda$invoke$0(InterceptingExecutableInvoker.java:93)
	at org.junit.jupiter.engine.execution.InvocationInterceptorChain$InterceptedInvocation.proceed(InvocationInterceptorChain.java:106)
	at org.junit.jupiter.engine.execution.InvocationInterceptorChain.proceed(InvocationInterceptorChain.java:64)
	at org.junit.jupiter.engine.execution.InvocationInterceptorChain.chainAndInvoke(InvocationInterceptorChain.java:45)
	at org.junit.jupiter.engine.execution.InvocationInterceptorChain.invoke(InvocationInterceptorChain.java:37)
	at org.junit.jupiter.engine.execution.InterceptingExecutableInvoker.invoke(InterceptingExecutableInvoker.java:92)
	at org.junit.jupiter.engine.execution.InterceptingExecutableInvoker.invoke(InterceptingExecutableInvoker.java:62)
	at org.junit.jupiter.engine.descriptor.ClassBasedTestDescriptor.invokeTestClassConstructor(ClassBasedTestDescriptor.java:363)
	at org.junit.jupiter.engine.descriptor.ClassBasedTestDescriptor.instantiateTestClass(ClassBasedTestDescriptor.java:310)
	at org.junit.jupiter.engine.descriptor.ClassTestDescriptor.instantiateTestClass(ClassTestDescriptor.java:79)
	at org.junit.jupiter.engine.descriptor.ClassBasedTestDescriptor.instantiateAndPostProcessTestInstance(ClassBasedTestDescriptor.java:286)
	at org.junit.jupiter.engine.descriptor.ClassBasedTestDescriptor.lambda$testInstancesProvider$4(ClassBasedTestDescriptor.java:278)
	at java.base/java.util.Optional.orElseGet(Optional.java:364)
	at org.junit.jupiter.engine.descriptor.ClassBasedTestDescriptor.lambda$testInstancesProvider$5(ClassBasedTestDescriptor.java:277)
	at org.junit.jupiter.engine.execution.TestInstancesProvider.getTestInstances(TestInstancesProvider.java:31)
	at org.junit.jupiter.engine.descriptor.TestMethodTestDescriptor.lambda$prepare$0(TestMethodTestDescriptor.java:105)
	at org.junit.platform.engine.support.hierarchical.ThrowableCollector.execute(ThrowableCollector.java:73)
	at org.junit.jupiter.engine.descriptor.TestMethodTestDescriptor.prepare(TestMethodTestDescriptor.java:104)
	at org.junit.jupiter.engine.descriptor.TestMethodTestDescriptor.prepare(TestMethodTestDescriptor.java:68)
	at org.junit.platform.engine.support.hierarchical.NodeTestTask.lambda$prepare$2(NodeTestTask.java:123)
	at org.junit.platform.engine.support.hierarchical.ThrowableCollector.execute(ThrowableCollector.java:73)
	at org.junit.platform.engine.support.hierarchical.NodeTestTask.prepare(NodeTestTask.java:123)
	at org.junit.platform.engine.support.hierarchical.NodeTestTask.execute(NodeTestTask.java:90)
	at java.base/java.util.ArrayList.forEach(ArrayList.java:1511)
	at org.junit.platform.engine.support.hierarchical.SameThreadHierarchicalTestExecutorService.invokeAll(SameThreadHierarchicalTestExecutorService.java:41)
	at org.junit.platform.engine.support.hierarchical.NodeTestTask.lambda$executeRecursively$6(NodeTestTask.java:155)
	at org.junit.platform.engine.support.hierarchical.ThrowableCollector.execute(ThrowableCollector.java:73)
	at org.junit.platform.engine.support.hierarchical.NodeTestTask.lambda$executeRecursively$8(NodeTestTask.java:141)
	at org.junit.platform.engine.support.hierarchical.Node.around(Node.java:137)
	at org.junit.platform.engine.support.hierarchical.NodeTestTask.lambda$executeRecursively$9(NodeTestTask.java:139)
	at org.junit.platform.engine.support.hierarchical.ThrowableCollector.execute(ThrowableCollector.java:73)
	at org.junit.platform.engine.support.hierarchical.NodeTestTask.executeRecursively(NodeTestTask.java:138)
	at org.junit.platform.engine.support.hierarchical.NodeTestTask.execute(NodeTestTask.java:95)
	at java.base/java.util.ArrayList.forEach(ArrayList.java:1511)
	at org.junit.platform.engine.support.hierarchical.SameThreadHierarchicalTestExecutorService.invokeAll(SameThreadHierarchicalTestExecutorService.java:41)
	at org.junit.platform.engine.support.hierarchical.NodeTestTask.lambda$executeRecursively$6(NodeTestTask.java:155)
	at org.junit.platform.engine.support.hierarchical.ThrowableCollector.execute(ThrowableCollector.java:73)
	at org.junit.platform.engine.support.hierarchical.NodeTestTask.lambda$executeRecursively$8(NodeTestTask.java:141)
	at org.junit.platform.engine.support.hierarchical.Node.around(Node.java:137)
	at org.junit.platform.engine.support.hierarchical.NodeTestTask.lambda$executeRecursively$9(NodeTestTask.java:139)
	at org.junit.platform.engine.support.hierarchical.ThrowableCollector.execute(ThrowableCollector.java:73)
	at org.junit.platform.engine.support.hierarchical.NodeTestTask.executeRecursively(NodeTestTask.java:138)
	at org.junit.platform.engine.support.hierarchical.NodeTestTask.execute(NodeTestTask.java:95)
	at org.junit.platform.engine.support.hierarchical.SameThreadHierarchicalTestExecutorService.submit(SameThreadHierarchicalTestExecutorService.java:35)
	at org.junit.platform.engine.support.hierarchical.HierarchicalTestExecutor.execute(HierarchicalTestExecutor.java:57)
	at org.junit.platform.engine.support.hierarchical.HierarchicalTestEngine.execute(HierarchicalTestEngine.java:54)
	at org.junit.platform.launcher.core.EngineExecutionOrchestrator.execute(EngineExecutionOrchestrator.java:147)
	at org.junit.platform.launcher.core.EngineExecutionOrchestrator.execute(EngineExecutionOrchestrator.java:127)
	at org.junit.platform.launcher.core.EngineExecutionOrchestrator.execute(EngineExecutionOrchestrator.java:90)
	at org.junit.platform.launcher.core.EngineExecutionOrchestrator.lambda$execute$0(EngineExecutionOrchestrator.java:55)
	at org.junit.platform.launcher.core.EngineExecutionOrchestrator.withInterceptedStreams(EngineExecutionOrchestrator.java:102)
	at org.junit.platform.launcher.core.EngineExecutionOrchestrator.execute(EngineExecutionOrchestrator.java:54)
	at org.junit.platform.launcher.core.DefaultLauncher.execute(DefaultLauncher.java:114)
	at org.junit.platform.launcher.core.DefaultLauncher.execute(DefaultLauncher.java:86)
	at org.junit.platform.launcher.core.DefaultLauncherSession$DelegatingLauncher.execute(DefaultLauncherSession.java:86)
	at org.junit.platform.launcher.core.SessionPerRequestLauncher.execute(SessionPerRequestLauncher.java:53)
	at org.gradle.api.internal.tasks.testing.junitplatform.JUnitPlatformTestClassProcessor$CollectAllTestClassesExecutor.processAllTestClasses(JUnitPlatformTestClassProcessor.java:99)
	at org.gradle.api.internal.tasks.testing.junitplatform.JUnitPlatformTestClassProcessor$CollectAllTestClassesExecutor.access$000(JUnitPlatformTestClassProcessor.java:79)
	at org.gradle.api.internal.tasks.testing.junitplatform.JUnitPlatformTestClassProcessor.stop(JUnitPlatformTestClassProcessor.java:75)
	at org.gradle.api.internal.tasks.testing.SuiteTestClassProcessor.stop(SuiteTestClassProcessor.java:62)
	at java.base/jdk.internal.reflect.NativeMethodAccessorImpl.invoke0(Native Method)
	at java.base/jdk.internal.reflect.NativeMethodAccessorImpl.invoke(NativeMethodAccessorImpl.java:77)
	at java.base/jdk.internal.reflect.DelegatingMethodAccessorImpl.invoke(DelegatingMethodAccessorImpl.java:43)
	at java.base/java.lang.reflect.Method.invoke(Method.java:569)
	at org.gradle.internal.dispatch.ReflectionDispatch.dispatch(ReflectionDispatch.java:36)
	at org.gradle.internal.dispatch.ReflectionDispatch.dispatch(ReflectionDispatch.java:24)
	at org.gradle.internal.dispatch.ContextClassLoaderDispatch.dispatch(ContextClassLoaderDispatch.java:33)
	at org.gradle.internal.dispatch.ProxyDispatchAdapter$DispatchingInvocationHandler.invoke(ProxyDispatchAdapter.java:94)
	at jdk.proxy2/jdk.proxy2.$Proxy5.stop(Unknown Source)
	at org.gradle.api.internal.tasks.testing.worker.TestWorker$3.run(TestWorker.java:193)
	at org.gradle.api.internal.tasks.testing.worker.TestWorker.executeAndMaintainThreadName(TestWorker.java:129)
	at org.gradle.api.internal.tasks.testing.worker.TestWorker.execute(TestWorker.java:100)
	at org.gradle.api.internal.tasks.testing.worker.TestWorker.execute(TestWorker.java:60)
	at org.gradle.process.internal.worker.child.ActionExecutionWorker.execute(ActionExecutionWorker.java:56)
	at org.gradle.process.internal.worker.child.SystemApplicationClassLoaderWorker.call(SystemApplicationClassLoaderWorker.java:113)
	at org.gradle.process.internal.worker.child.SystemApplicationClassLoaderWorker.call(SystemApplicationClassLoaderWorker.java:65)
	at worker.org.gradle.process.internal.worker.GradleWorkerMain.run(GradleWorkerMain.java:69)
	at worker.org.gradle.process.internal.worker.GradleWorkerMain.main(GradleWorkerMain.java:74)
Caused by: java.lang.ExceptionInInitializerError: Exception io.github.cdimascio.dotenv.DotenvException: Could not find /.env on the classpath [in thread &quot;Test worker&quot;]
	at io.github.cdimascio.dotenv.internal.ClasspathHelper.loadFileFromClasspath(ClasspathHelper.java:23)
	at io.github.cdimascio.dotenv.internal.DotenvReader.read(DotenvReader.java:43)
	at io.github.cdimascio.dotenv.internal.DotenvParser.lines(DotenvParser.java:52)
	at io.github.cdimascio.dotenv.internal.DotenvParser.parse(DotenvParser.java:34)
	at io.github.cdimascio.dotenv.DotenvBuilder.load(DotenvBuilder.java:77)
	at io.github.cdimascio.dotenv.Dotenv.load(Dotenv.java:33)
	at tributary.TributaryAdminTest.&lt;clinit&gt;(TributaryAdminTest.java:26)
	... 87 more
</failure>
  </testcase>
  <testcase name="testInvalidAdminAssignmentWithoutPermissions()" classname="tributary.TributaryAdminTest" time="0.0">
    <failure message="java.lang.NoClassDefFoundError: Could not initialize class tributary.TributaryAdminTest" type="java.lang.NoClassDefFoundError">java.lang.NoClassDefFoundError: Could not initialize class tributary.TributaryAdminTest
	at java.base/jdk.internal.reflect.NativeConstructorAccessorImpl.newInstance0(Native Method)
	at java.base/jdk.internal.reflect.NativeConstructorAccessorImpl.newInstance(NativeConstructorAccessorImpl.java:77)
	at java.base/jdk.internal.reflect.DelegatingConstructorAccessorImpl.newInstance(DelegatingConstructorAccessorImpl.java:45)
	at java.base/java.lang.reflect.Constructor.newInstanceWithCaller(Constructor.java:500)
	at java.base/java.lang.reflect.Constructor.newInstance(Constructor.java:481)
	at org.junit.platform.commons.util.ReflectionUtils.newInstance(ReflectionUtils.java:552)
	at org.junit.jupiter.engine.execution.ConstructorInvocation.proceed(ConstructorInvocation.java:56)
	at org.junit.jupiter.engine.execution.InvocationInterceptorChain$ValidatingInvocation.proceed(InvocationInterceptorChain.java:131)
	at org.junit.jupiter.api.extension.InvocationInterceptor.interceptTestClassConstructor(InvocationInterceptor.java:73)
	at org.junit.jupiter.engine.execution.InterceptingExecutableInvoker.lambda$invoke$0(InterceptingExecutableInvoker.java:93)
	at org.junit.jupiter.engine.execution.InvocationInterceptorChain$InterceptedInvocation.proceed(InvocationInterceptorChain.java:106)
	at org.junit.jupiter.engine.execution.InvocationInterceptorChain.proceed(InvocationInterceptorChain.java:64)
	at org.junit.jupiter.engine.execution.InvocationInterceptorChain.chainAndInvoke(InvocationInterceptorChain.java:45)
	at org.junit.jupiter.engine.execution.InvocationInterceptorChain.invoke(InvocationInterceptorChain.java:37)
	at org.junit.jupiter.engine.execution.InterceptingExecutableInvoker.invoke(InterceptingExecutableInvoker.java:92)
	at org.junit.jupiter.engine.execution.InterceptingExecutableInvoker.invoke(InterceptingExecutableInvoker.java:62)
	at org.junit.jupiter.engine.descriptor.ClassBasedTestDescriptor.invokeTestClassConstructor(ClassBasedTestDescriptor.java:363)
	at org.junit.jupiter.engine.descriptor.ClassBasedTestDescriptor.instantiateTestClass(ClassBasedTestDescriptor.java:310)
	at org.junit.jupiter.engine.descriptor.ClassTestDescriptor.instantiateTestClass(ClassTestDescriptor.java:79)
	at org.junit.jupiter.engine.descriptor.ClassBasedTestDescriptor.instantiateAndPostProcessTestInstance(ClassBasedTestDescriptor.java:286)
	at org.junit.jupiter.engine.descriptor.ClassBasedTestDescriptor.lambda$testInstancesProvider$4(ClassBasedTestDescriptor.java:278)
	at java.base/java.util.Optional.orElseGet(Optional.java:364)
	at org.junit.jupiter.engine.descriptor.ClassBasedTestDescriptor.lambda$testInstancesProvider$5(ClassBasedTestDescriptor.java:277)
	at org.junit.jupiter.engine.execution.TestInstancesProvider.getTestInstances(TestInstancesProvider.java:31)
	at org.junit.jupiter.engine.descriptor.TestMethodTestDescriptor.lambda$prepare$0(TestMethodTestDescriptor.java:105)
	at org.junit.platform.engine.support.hierarchical.ThrowableCollector.execute(ThrowableCollector.java:73)
	at org.junit.jupiter.engine.descriptor.TestMethodTestDescriptor.prepare(TestMethodTestDescriptor.java:104)
	at org.junit.jupiter.engine.descriptor.TestMethodTestDescriptor.prepare(TestMethodTestDescriptor.java:68)
	at org.junit.platform.engine.support.hierarchical.NodeTestTask.lambda$prepare$2(NodeTestTask.java:123)
	at org.junit.platform.engine.support.hierarchical.ThrowableCollector.execute(ThrowableCollector.java:73)
	at org.junit.platform.engine.support.hierarchical.NodeTestTask.prepare(NodeTestTask.java:123)
	at org.junit.platform.engine.support.hierarchical.NodeTestTask.execute(NodeTestTask.java:90)
	at java.base/java.util.ArrayList.forEach(ArrayList.java:1511)
	at org.junit.platform.engine.support.hierarchical.SameThreadHierarchicalTestExecutorService.invokeAll(SameThreadHierarchicalTestExecutorService.java:41)
	at org.junit.platform.engine.support.hierarchical.NodeTestTask.lambda$executeRecursively$6(NodeTestTask.java:155)
	at org.junit.platform.engine.support.hierarchical.ThrowableCollector.execute(ThrowableCollector.java:73)
	at org.junit.platform.engine.support.hierarchical.NodeTestTask.lambda$executeRecursively$8(NodeTestTask.java:141)
	at org.junit.platform.engine.support.hierarchical.Node.around(Node.java:137)
	at org.junit.platform.engine.support.hierarchical.NodeTestTask.lambda$executeRecursively$9(NodeTestTask.java:139)
	at org.junit.platform.engine.support.hierarchical.ThrowableCollector.execute(ThrowableCollector.java:73)
	at org.junit.platform.engine.support.hierarchical.NodeTestTask.executeRecursively(NodeTestTask.java:138)
	at org.junit.platform.engine.support.hierarchical.NodeTestTask.execute(NodeTestTask.java:95)
	at java.base/java.util.ArrayList.forEach(ArrayList.java:1511)
	at org.junit.platform.engine.support.hierarchical.SameThreadHierarchicalTestExecutorService.invokeAll(SameThreadHierarchicalTestExecutorService.java:41)
	at org.junit.platform.engine.support.hierarchical.NodeTestTask.lambda$executeRecursively$6(NodeTestTask.java:155)
	at org.junit.platform.engine.support.hierarchical.ThrowableCollector.execute(ThrowableCollector.java:73)
	at org.junit.platform.engine.support.hierarchical.NodeTestTask.lambda$executeRecursively$8(NodeTestTask.java:141)
	at org.junit.platform.engine.support.hierarchical.Node.around(Node.java:137)
	at org.junit.platform.engine.support.hierarchical.NodeTestTask.lambda$executeRecursively$9(NodeTestTask.java:139)
	at org.junit.platform.engine.support.hierarchical.ThrowableCollector.execute(ThrowableCollector.java:73)
	at org.junit.platform.engine.support.hierarchical.NodeTestTask.executeRecursively(NodeTestTask.java:138)
	at org.junit.platform.engine.support.hierarchical.NodeTestTask.execute(NodeTestTask.java:95)
	at org.junit.platform.engine.support.hierarchical.SameThreadHierarchicalTestExecutorService.submit(SameThreadHierarchicalTestExecutorService.java:35)
	at org.junit.platform.engine.support.hierarchical.HierarchicalTestExecutor.execute(HierarchicalTestExecutor.java:57)
	at org.junit.platform.engine.support.hierarchical.HierarchicalTestEngine.execute(HierarchicalTestEngine.java:54)
	at org.junit.platform.launcher.core.EngineExecutionOrchestrator.execute(EngineExecutionOrchestrator.java:147)
	at org.junit.platform.launcher.core.EngineExecutionOrchestrator.execute(EngineExecutionOrchestrator.java:127)
	at org.junit.platform.launcher.core.EngineExecutionOrchestrator.execute(EngineExecutionOrchestrator.java:90)
	at org.junit.platform.launcher.core.EngineExecutionOrchestrator.lambda$execute$0(EngineExecutionOrchestrator.java:55)
	at org.junit.platform.launcher.core.EngineExecutionOrchestrator.withInterceptedStreams(EngineExecutionOrchestrator.java:102)
	at org.junit.platform.launcher.core.EngineExecutionOrchestrator.execute(EngineExecutionOrchestrator.java:54)
	at org.junit.platform.launcher.core.DefaultLauncher.execute(DefaultLauncher.java:114)
	at org.junit.platform.launcher.core.DefaultLauncher.execute(DefaultLauncher.java:86)
	at org.junit.platform.launcher.core.DefaultLauncherSession$DelegatingLauncher.execute(DefaultLauncherSession.java:86)
	at org.junit.platform.launcher.core.SessionPerRequestLauncher.execute(SessionPerRequestLauncher.java:53)
	at org.gradle.api.internal.tasks.testing.junitplatform.JUnitPlatformTestClassProcessor$CollectAllTestClassesExecutor.processAllTestClasses(JUnitPlatformTestClassProcessor.java:99)
	at org.gradle.api.internal.tasks.testing.junitplatform.JUnitPlatformTestClassProcessor$CollectAllTestClassesExecutor.access$000(JUnitPlatformTestClassProcessor.java:79)
	at org.gradle.api.internal.tasks.testing.junitplatform.JUnitPlatformTestClassProcessor.stop(JUnitPlatformTestClassProcessor.java:75)
	at org.gradle.api.internal.tasks.testing.SuiteTestClassProcessor.stop(SuiteTestClassProcessor.java:62)
	at java.base/jdk.internal.reflect.NativeMethodAccessorImpl.invoke0(Native Method)
	at java.base/jdk.internal.reflect.NativeMethodAccessorImpl.invoke(NativeMethodAccessorImpl.java:77)
	at java.base/jdk.internal.reflect.DelegatingMethodAccessorImpl.invoke(DelegatingMethodAccessorImpl.java:43)
	at java.base/java.lang.reflect.Method.invoke(Method.java:569)
	at org.gradle.internal.dispatch.ReflectionDispatch.dispatch(ReflectionDispatch.java:36)
	at org.gradle.internal.dispatch.ReflectionDispatch.dispatch(ReflectionDispatch.java:24)
	at org.gradle.internal.dispatch.ContextClassLoaderDispatch.dispatch(ContextClassLoaderDispatch.java:33)
	at org.gradle.internal.dispatch.ProxyDispatchAdapter$DispatchingInvocationHandler.invoke(ProxyDispatchAdapter.java:94)
	at jdk.proxy2/jdk.proxy2.$Proxy5.stop(Unknown Source)
	at org.gradle.api.internal.tasks.testing.worker.TestWorker$3.run(TestWorker.java:193)
	at org.gradle.api.internal.tasks.testing.worker.TestWorker.executeAndMaintainThreadName(TestWorker.java:129)
	at org.gradle.api.internal.tasks.testing.worker.TestWorker.execute(TestWorker.java:100)
	at org.gradle.api.internal.tasks.testing.worker.TestWorker.execute(TestWorker.java:60)
	at org.gradle.process.internal.worker.child.ActionExecutionWorker.execute(ActionExecutionWorker.java:56)
	at org.gradle.process.internal.worker.child.SystemApplicationClassLoaderWorker.call(SystemApplicationClassLoaderWorker.java:113)
	at org.gradle.process.internal.worker.child.SystemApplicationClassLoaderWorker.call(SystemApplicationClassLoaderWorker.java:65)
	at worker.org.gradle.process.internal.worker.GradleWorkerMain.run(GradleWorkerMain.java:69)
	at worker.org.gradle.process.internal.worker.GradleWorkerMain.main(GradleWorkerMain.java:74)
Caused by: java.lang.ExceptionInInitializerError: Exception io.github.cdimascio.dotenv.DotenvException: Could not find /.env on the classpath [in thread &quot;Test worker&quot;]
	at io.github.cdimascio.dotenv.internal.ClasspathHelper.loadFileFromClasspath(ClasspathHelper.java:23)
	at io.github.cdimascio.dotenv.internal.DotenvReader.read(DotenvReader.java:43)
	at io.github.cdimascio.dotenv.internal.DotenvParser.lines(DotenvParser.java:52)
	at io.github.cdimascio.dotenv.internal.DotenvParser.parse(DotenvParser.java:34)
	at io.github.cdimascio.dotenv.DotenvBuilder.load(DotenvBuilder.java:77)
	at io.github.cdimascio.dotenv.Dotenv.load(Dotenv.java:33)
	at tributary.TributaryAdminTest.&lt;clinit&gt;(TributaryAdminTest.java:26)
	... 87 more
</failure>
  </testcase>
  <system-out><![CDATA[]]></system-out>
>>>>>>> Stashed changes
  <system-err><![CDATA[]]></system-err>
</testsuite>
