<?xml version="1.0" encoding="UTF-8"?>
<testsuite name="tributary.TributaryMockTest" tests="6" skipped="0" failures="0" errors="0" timestamp="2024-05-30T07:29:29" hostname="Biswass-iMac.modem" time="0.929">
  <properties/>
  <testcase name="testEventLifeCycle()" classname="tributary.TributaryMockTest" time="0.912"/>
  <testcase name="testCreateIntegerTopicAndProducers()" classname="tributary.TributaryMockTest" time="0.004"/>
  <testcase name="testMessageCreationAndConsumption()" classname="tributary.TributaryMockTest" time="0.003"/>
  <testcase name="testCreatePartitionAndShow()" classname="tributary.TributaryMockTest" time="0.002"/>
  <testcase name="testCreateAndShowStringTopic()" classname="tributary.TributaryMockTest" time="0.001"/>
  <testcase name="testDeleteConsumer()" classname="tributary.TributaryMockTest" time="0.002"/>
  <system-out><![CDATA[]]></system-out>
  <system-err><![CDATA[]]></system-err>
</testsuite>
